2019-02-22 13:53:29 WARN  Utils:66 - Your hostname, tech-X556UR resolves to a loopback address: 127.0.1.1; using 192.168.3.80 instead (on interface wlp3s0)
2019-02-22 13:53:29 WARN  Utils:66 - Set SPARK_LOCAL_IP if you need to bind to another address
2019-02-22 13:53:29 WARN  NativeCodeLoader:62 - Unable to load native-hadoop library for your platform... using builtin-java classes where applicable
2019-02-22 13:53:31 WARN  Utils:66 - Service 'SparkUI' could not bind on port 4040. Attempting port 4041.
2019-02-22 13:53:33 WARN  ClientCnxn:1102 - Session 0x0 for server null, unexpected error, closing socket connection and attempting reconnect
java.net.ConnectException: Connection refused
	at sun.nio.ch.SocketChannelImpl.checkConnect(Native Method)
	at sun.nio.ch.SocketChannelImpl.finishConnect(SocketChannelImpl.java:717)
	at org.apache.zookeeper.ClientCnxnSocketNIO.doTransport(ClientCnxnSocketNIO.java:361)
	at org.apache.zookeeper.ClientCnxn$SendThread.run(ClientCnxn.java:1081)
2019-02-22 13:53:34 WARN  ClientCnxn:1102 - Session 0x0 for server null, unexpected error, closing socket connection and attempting reconnect
java.net.ConnectException: Connection refused
	at sun.nio.ch.SocketChannelImpl.checkConnect(Native Method)
	at sun.nio.ch.SocketChannelImpl.finishConnect(SocketChannelImpl.java:717)
	at org.apache.zookeeper.ClientCnxnSocketNIO.doTransport(ClientCnxnSocketNIO.java:361)
	at org.apache.zookeeper.ClientCnxn$SendThread.run(ClientCnxn.java:1081)
2019-02-22 13:53:35 WARN  ClientCnxn:1102 - Session 0x0 for server null, unexpected error, closing socket connection and attempting reconnect
java.net.ConnectException: Connection refused
	at sun.nio.ch.SocketChannelImpl.checkConnect(Native Method)
	at sun.nio.ch.SocketChannelImpl.finishConnect(SocketChannelImpl.java:717)
	at org.apache.zookeeper.ClientCnxnSocketNIO.doTransport(ClientCnxnSocketNIO.java:361)
	at org.apache.zookeeper.ClientCnxn$SendThread.run(ClientCnxn.java:1081)
2019-02-22 13:53:37 WARN  ClientCnxn:1102 - Session 0x0 for server null, unexpected error, closing socket connection and attempting reconnect
java.net.ConnectException: Connection refused
	at sun.nio.ch.SocketChannelImpl.checkConnect(Native Method)
	at sun.nio.ch.SocketChannelImpl.finishConnect(SocketChannelImpl.java:717)
	at org.apache.zookeeper.ClientCnxnSocketNIO.doTransport(ClientCnxnSocketNIO.java:361)
	at org.apache.zookeeper.ClientCnxn$SendThread.run(ClientCnxn.java:1081)
2019-02-22 13:53:38 WARN  ClientCnxn:1102 - Session 0x0 for server null, unexpected error, closing socket connection and attempting reconnect
java.net.ConnectException: Connection refused
	at sun.nio.ch.SocketChannelImpl.checkConnect(Native Method)
	at sun.nio.ch.SocketChannelImpl.finishConnect(SocketChannelImpl.java:717)
	at org.apache.zookeeper.ClientCnxnSocketNIO.doTransport(ClientCnxnSocketNIO.java:361)
	at org.apache.zookeeper.ClientCnxn$SendThread.run(ClientCnxn.java:1081)
2019-02-22 13:53:39 WARN  ClientCnxn:1102 - Session 0x0 for server null, unexpected error, closing socket connection and attempting reconnect
java.net.ConnectException: Connection refused
	at sun.nio.ch.SocketChannelImpl.checkConnect(Native Method)
	at sun.nio.ch.SocketChannelImpl.finishConnect(SocketChannelImpl.java:717)
	at org.apache.zookeeper.ClientCnxnSocketNIO.doTransport(ClientCnxnSocketNIO.java:361)
	at org.apache.zookeeper.ClientCnxn$SendThread.run(ClientCnxn.java:1081)
2019-02-22 13:53:40 WARN  ClientCnxn:1102 - Session 0x0 for server null, unexpected error, closing socket connection and attempting reconnect
java.net.ConnectException: Connection refused
	at sun.nio.ch.SocketChannelImpl.checkConnect(Native Method)
	at sun.nio.ch.SocketChannelImpl.finishConnect(SocketChannelImpl.java:717)
	at org.apache.zookeeper.ClientCnxnSocketNIO.doTransport(ClientCnxnSocketNIO.java:361)
	at org.apache.zookeeper.ClientCnxn$SendThread.run(ClientCnxn.java:1081)
2019-02-22 13:53:41 WARN  ClientCnxn:1102 - Session 0x0 for server null, unexpected error, closing socket connection and attempting reconnect
java.net.ConnectException: Connection refused
	at sun.nio.ch.SocketChannelImpl.checkConnect(Native Method)
	at sun.nio.ch.SocketChannelImpl.finishConnect(SocketChannelImpl.java:717)
	at org.apache.zookeeper.ClientCnxnSocketNIO.doTransport(ClientCnxnSocketNIO.java:361)
	at org.apache.zookeeper.ClientCnxn$SendThread.run(ClientCnxn.java:1081)
2019-02-22 13:53:42 WARN  ClientCnxn:1102 - Session 0x0 for server null, unexpected error, closing socket connection and attempting reconnect
java.net.ConnectException: Connection refused
	at sun.nio.ch.SocketChannelImpl.checkConnect(Native Method)
	at sun.nio.ch.SocketChannelImpl.finishConnect(SocketChannelImpl.java:717)
	at org.apache.zookeeper.ClientCnxnSocketNIO.doTransport(ClientCnxnSocketNIO.java:361)
	at org.apache.zookeeper.ClientCnxn$SendThread.run(ClientCnxn.java:1081)
2019-02-22 13:53:43 WARN  ClientCnxn:1102 - Session 0x0 for server null, unexpected error, closing socket connection and attempting reconnect
java.net.ConnectException: Connection refused
	at sun.nio.ch.SocketChannelImpl.checkConnect(Native Method)
	at sun.nio.ch.SocketChannelImpl.finishConnect(SocketChannelImpl.java:717)
	at org.apache.zookeeper.ClientCnxnSocketNIO.doTransport(ClientCnxnSocketNIO.java:361)
	at org.apache.zookeeper.ClientCnxn$SendThread.run(ClientCnxn.java:1081)
2019-02-22 13:53:43 ERROR ReceiverTracker:70 - Deregistered receiver for stream 0: Error starting receiver 0 - org.I0Itec.zkclient.exception.ZkTimeoutException: Unable to connect to zookeeper server within timeout: 10000
	at org.I0Itec.zkclient.ZkClient.connect(ZkClient.java:880)
	at org.I0Itec.zkclient.ZkClient.<init>(ZkClient.java:98)
	at org.I0Itec.zkclient.ZkClient.<init>(ZkClient.java:84)
	at kafka.consumer.ZookeeperConsumerConnector.connectZk(ZookeeperConsumerConnector.scala:171)
	at kafka.consumer.ZookeeperConsumerConnector.<init>(ZookeeperConsumerConnector.scala:126)
	at kafka.consumer.ZookeeperConsumerConnector.<init>(ZookeeperConsumerConnector.scala:143)
	at kafka.consumer.Consumer$.create(ConsumerConnector.scala:94)
	at org.apache.spark.streaming.kafka.KafkaReceiver.onStart(KafkaInputDStream.scala:100)
	at org.apache.spark.streaming.receiver.ReceiverSupervisor.startReceiver(ReceiverSupervisor.scala:149)
	at org.apache.spark.streaming.receiver.ReceiverSupervisor.start(ReceiverSupervisor.scala:131)
	at org.apache.spark.streaming.scheduler.ReceiverTracker$ReceiverTrackerEndpoint$$anonfun$9.apply(ReceiverTracker.scala:601)
	at org.apache.spark.streaming.scheduler.ReceiverTracker$ReceiverTrackerEndpoint$$anonfun$9.apply(ReceiverTracker.scala:591)
	at org.apache.spark.SparkContext$$anonfun$37.apply(SparkContext.scala:2212)
	at org.apache.spark.SparkContext$$anonfun$37.apply(SparkContext.scala:2212)
	at org.apache.spark.scheduler.ResultTask.runTask(ResultTask.scala:90)
	at org.apache.spark.scheduler.Task.run(Task.scala:121)
	at org.apache.spark.executor.Executor$TaskRunner$$anonfun$10.apply(Executor.scala:402)
	at org.apache.spark.util.Utils$.tryWithSafeFinally(Utils.scala:1360)
	at org.apache.spark.executor.Executor$TaskRunner.run(Executor.scala:408)
	at java.util.concurrent.ThreadPoolExecutor.runWorker(ThreadPoolExecutor.java:1149)
	at java.util.concurrent.ThreadPoolExecutor$Worker.run(ThreadPoolExecutor.java:624)
	at java.lang.Thread.run(Thread.java:748)

2019-02-22 13:53:44 ERROR ReceiverSupervisorImpl:70 - Stopped receiver with error: org.I0Itec.zkclient.exception.ZkTimeoutException: Unable to connect to zookeeper server within timeout: 10000
2019-02-22 13:53:44 ERROR Executor:91 - Exception in task 0.0 in stage 0.0 (TID 0)
org.I0Itec.zkclient.exception.ZkTimeoutException: Unable to connect to zookeeper server within timeout: 10000
	at org.I0Itec.zkclient.ZkClient.connect(ZkClient.java:880)
	at org.I0Itec.zkclient.ZkClient.<init>(ZkClient.java:98)
	at org.I0Itec.zkclient.ZkClient.<init>(ZkClient.java:84)
	at kafka.consumer.ZookeeperConsumerConnector.connectZk(ZookeeperConsumerConnector.scala:171)
	at kafka.consumer.ZookeeperConsumerConnector.<init>(ZookeeperConsumerConnector.scala:126)
	at kafka.consumer.ZookeeperConsumerConnector.<init>(ZookeeperConsumerConnector.scala:143)
	at kafka.consumer.Consumer$.create(ConsumerConnector.scala:94)
	at org.apache.spark.streaming.kafka.KafkaReceiver.onStart(KafkaInputDStream.scala:100)
	at org.apache.spark.streaming.receiver.ReceiverSupervisor.startReceiver(ReceiverSupervisor.scala:149)
	at org.apache.spark.streaming.receiver.ReceiverSupervisor.start(ReceiverSupervisor.scala:131)
	at org.apache.spark.streaming.scheduler.ReceiverTracker$ReceiverTrackerEndpoint$$anonfun$9.apply(ReceiverTracker.scala:601)
	at org.apache.spark.streaming.scheduler.ReceiverTracker$ReceiverTrackerEndpoint$$anonfun$9.apply(ReceiverTracker.scala:591)
	at org.apache.spark.SparkContext$$anonfun$37.apply(SparkContext.scala:2212)
	at org.apache.spark.SparkContext$$anonfun$37.apply(SparkContext.scala:2212)
	at org.apache.spark.scheduler.ResultTask.runTask(ResultTask.scala:90)
	at org.apache.spark.scheduler.Task.run(Task.scala:121)
	at org.apache.spark.executor.Executor$TaskRunner$$anonfun$10.apply(Executor.scala:402)
	at org.apache.spark.util.Utils$.tryWithSafeFinally(Utils.scala:1360)
	at org.apache.spark.executor.Executor$TaskRunner.run(Executor.scala:408)
	at java.util.concurrent.ThreadPoolExecutor.runWorker(ThreadPoolExecutor.java:1149)
	at java.util.concurrent.ThreadPoolExecutor$Worker.run(ThreadPoolExecutor.java:624)
	at java.lang.Thread.run(Thread.java:748)
2019-02-22 13:53:44 WARN  TaskSetManager:66 - Lost task 0.0 in stage 0.0 (TID 0, localhost, executor driver): org.I0Itec.zkclient.exception.ZkTimeoutException: Unable to connect to zookeeper server within timeout: 10000
	at org.I0Itec.zkclient.ZkClient.connect(ZkClient.java:880)
	at org.I0Itec.zkclient.ZkClient.<init>(ZkClient.java:98)
	at org.I0Itec.zkclient.ZkClient.<init>(ZkClient.java:84)
	at kafka.consumer.ZookeeperConsumerConnector.connectZk(ZookeeperConsumerConnector.scala:171)
	at kafka.consumer.ZookeeperConsumerConnector.<init>(ZookeeperConsumerConnector.scala:126)
	at kafka.consumer.ZookeeperConsumerConnector.<init>(ZookeeperConsumerConnector.scala:143)
	at kafka.consumer.Consumer$.create(ConsumerConnector.scala:94)
	at org.apache.spark.streaming.kafka.KafkaReceiver.onStart(KafkaInputDStream.scala:100)
	at org.apache.spark.streaming.receiver.ReceiverSupervisor.startReceiver(ReceiverSupervisor.scala:149)
	at org.apache.spark.streaming.receiver.ReceiverSupervisor.start(ReceiverSupervisor.scala:131)
	at org.apache.spark.streaming.scheduler.ReceiverTracker$ReceiverTrackerEndpoint$$anonfun$9.apply(ReceiverTracker.scala:601)
	at org.apache.spark.streaming.scheduler.ReceiverTracker$ReceiverTrackerEndpoint$$anonfun$9.apply(ReceiverTracker.scala:591)
	at org.apache.spark.SparkContext$$anonfun$37.apply(SparkContext.scala:2212)
	at org.apache.spark.SparkContext$$anonfun$37.apply(SparkContext.scala:2212)
	at org.apache.spark.scheduler.ResultTask.runTask(ResultTask.scala:90)
	at org.apache.spark.scheduler.Task.run(Task.scala:121)
	at org.apache.spark.executor.Executor$TaskRunner$$anonfun$10.apply(Executor.scala:402)
	at org.apache.spark.util.Utils$.tryWithSafeFinally(Utils.scala:1360)
	at org.apache.spark.executor.Executor$TaskRunner.run(Executor.scala:408)
	at java.util.concurrent.ThreadPoolExecutor.runWorker(ThreadPoolExecutor.java:1149)
	at java.util.concurrent.ThreadPoolExecutor$Worker.run(ThreadPoolExecutor.java:624)
	at java.lang.Thread.run(Thread.java:748)

2019-02-22 13:53:44 ERROR TaskSetManager:70 - Task 0 in stage 0.0 failed 1 times; aborting job
2019-02-22 13:53:44 ERROR ReceiverTracker:91 - Receiver has been stopped. Try to restart it.
org.apache.spark.SparkException: Job aborted due to stage failure: Task 0 in stage 0.0 failed 1 times, most recent failure: Lost task 0.0 in stage 0.0 (TID 0, localhost, executor driver): org.I0Itec.zkclient.exception.ZkTimeoutException: Unable to connect to zookeeper server within timeout: 10000
	at org.I0Itec.zkclient.ZkClient.connect(ZkClient.java:880)
	at org.I0Itec.zkclient.ZkClient.<init>(ZkClient.java:98)
	at org.I0Itec.zkclient.ZkClient.<init>(ZkClient.java:84)
	at kafka.consumer.ZookeeperConsumerConnector.connectZk(ZookeeperConsumerConnector.scala:171)
	at kafka.consumer.ZookeeperConsumerConnector.<init>(ZookeeperConsumerConnector.scala:126)
	at kafka.consumer.ZookeeperConsumerConnector.<init>(ZookeeperConsumerConnector.scala:143)
	at kafka.consumer.Consumer$.create(ConsumerConnector.scala:94)
	at org.apache.spark.streaming.kafka.KafkaReceiver.onStart(KafkaInputDStream.scala:100)
	at org.apache.spark.streaming.receiver.ReceiverSupervisor.startReceiver(ReceiverSupervisor.scala:149)
	at org.apache.spark.streaming.receiver.ReceiverSupervisor.start(ReceiverSupervisor.scala:131)
	at org.apache.spark.streaming.scheduler.ReceiverTracker$ReceiverTrackerEndpoint$$anonfun$9.apply(ReceiverTracker.scala:601)
	at org.apache.spark.streaming.scheduler.ReceiverTracker$ReceiverTrackerEndpoint$$anonfun$9.apply(ReceiverTracker.scala:591)
	at org.apache.spark.SparkContext$$anonfun$37.apply(SparkContext.scala:2212)
	at org.apache.spark.SparkContext$$anonfun$37.apply(SparkContext.scala:2212)
	at org.apache.spark.scheduler.ResultTask.runTask(ResultTask.scala:90)
	at org.apache.spark.scheduler.Task.run(Task.scala:121)
	at org.apache.spark.executor.Executor$TaskRunner$$anonfun$10.apply(Executor.scala:402)
	at org.apache.spark.util.Utils$.tryWithSafeFinally(Utils.scala:1360)
	at org.apache.spark.executor.Executor$TaskRunner.run(Executor.scala:408)
	at java.util.concurrent.ThreadPoolExecutor.runWorker(ThreadPoolExecutor.java:1149)
	at java.util.concurrent.ThreadPoolExecutor$Worker.run(ThreadPoolExecutor.java:624)
	at java.lang.Thread.run(Thread.java:748)

Driver stacktrace:
	at org.apache.spark.scheduler.DAGScheduler.org$apache$spark$scheduler$DAGScheduler$$failJobAndIndependentStages(DAGScheduler.scala:1887)
	at org.apache.spark.scheduler.DAGScheduler$$anonfun$abortStage$1.apply(DAGScheduler.scala:1875)
	at org.apache.spark.scheduler.DAGScheduler$$anonfun$abortStage$1.apply(DAGScheduler.scala:1874)
	at scala.collection.mutable.ResizableArray$class.foreach(ResizableArray.scala:59)
	at scala.collection.mutable.ArrayBuffer.foreach(ArrayBuffer.scala:48)
	at org.apache.spark.scheduler.DAGScheduler.abortStage(DAGScheduler.scala:1874)
	at org.apache.spark.scheduler.DAGScheduler$$anonfun$handleTaskSetFailed$1.apply(DAGScheduler.scala:926)
	at org.apache.spark.scheduler.DAGScheduler$$anonfun$handleTaskSetFailed$1.apply(DAGScheduler.scala:926)
	at scala.Option.foreach(Option.scala:257)
	at org.apache.spark.scheduler.DAGScheduler.handleTaskSetFailed(DAGScheduler.scala:926)
	at org.apache.spark.scheduler.DAGSchedulerEventProcessLoop.doOnReceive(DAGScheduler.scala:2108)
	at org.apache.spark.scheduler.DAGSchedulerEventProcessLoop.onReceive(DAGScheduler.scala:2057)
	at org.apache.spark.scheduler.DAGSchedulerEventProcessLoop.onReceive(DAGScheduler.scala:2046)
	at org.apache.spark.util.EventLoop$$anon$1.run(EventLoop.scala:49)
Caused by: org.I0Itec.zkclient.exception.ZkTimeoutException: Unable to connect to zookeeper server within timeout: 10000
	at org.I0Itec.zkclient.ZkClient.connect(ZkClient.java:880)
	at org.I0Itec.zkclient.ZkClient.<init>(ZkClient.java:98)
	at org.I0Itec.zkclient.ZkClient.<init>(ZkClient.java:84)
	at kafka.consumer.ZookeeperConsumerConnector.connectZk(ZookeeperConsumerConnector.scala:171)
	at kafka.consumer.ZookeeperConsumerConnector.<init>(ZookeeperConsumerConnector.scala:126)
	at kafka.consumer.ZookeeperConsumerConnector.<init>(ZookeeperConsumerConnector.scala:143)
	at kafka.consumer.Consumer$.create(ConsumerConnector.scala:94)
	at org.apache.spark.streaming.kafka.KafkaReceiver.onStart(KafkaInputDStream.scala:100)
	at org.apache.spark.streaming.receiver.ReceiverSupervisor.startReceiver(ReceiverSupervisor.scala:149)
	at org.apache.spark.streaming.receiver.ReceiverSupervisor.start(ReceiverSupervisor.scala:131)
	at org.apache.spark.streaming.scheduler.ReceiverTracker$ReceiverTrackerEndpoint$$anonfun$9.apply(ReceiverTracker.scala:601)
	at org.apache.spark.streaming.scheduler.ReceiverTracker$ReceiverTrackerEndpoint$$anonfun$9.apply(ReceiverTracker.scala:591)
	at org.apache.spark.SparkContext$$anonfun$37.apply(SparkContext.scala:2212)
	at org.apache.spark.SparkContext$$anonfun$37.apply(SparkContext.scala:2212)
	at org.apache.spark.scheduler.ResultTask.runTask(ResultTask.scala:90)
	at org.apache.spark.scheduler.Task.run(Task.scala:121)
	at org.apache.spark.executor.Executor$TaskRunner$$anonfun$10.apply(Executor.scala:402)
	at org.apache.spark.util.Utils$.tryWithSafeFinally(Utils.scala:1360)
	at org.apache.spark.executor.Executor$TaskRunner.run(Executor.scala:408)
	at java.util.concurrent.ThreadPoolExecutor.runWorker(ThreadPoolExecutor.java:1149)
	at java.util.concurrent.ThreadPoolExecutor$Worker.run(ThreadPoolExecutor.java:624)
	at java.lang.Thread.run(Thread.java:748)
2019-02-22 13:53:44 WARN  ClientCnxn:1102 - Session 0x0 for server null, unexpected error, closing socket connection and attempting reconnect
java.net.ConnectException: Connection refused
	at sun.nio.ch.SocketChannelImpl.checkConnect(Native Method)
	at sun.nio.ch.SocketChannelImpl.finishConnect(SocketChannelImpl.java:717)
	at org.apache.zookeeper.ClientCnxnSocketNIO.doTransport(ClientCnxnSocketNIO.java:361)
	at org.apache.zookeeper.ClientCnxn$SendThread.run(ClientCnxn.java:1081)
2019-02-22 13:53:45 WARN  ClientCnxn:1102 - Session 0x0 for server null, unexpected error, closing socket connection and attempting reconnect
java.net.ConnectException: Connection refused
	at sun.nio.ch.SocketChannelImpl.checkConnect(Native Method)
	at sun.nio.ch.SocketChannelImpl.finishConnect(SocketChannelImpl.java:717)
	at org.apache.zookeeper.ClientCnxnSocketNIO.doTransport(ClientCnxnSocketNIO.java:361)
	at org.apache.zookeeper.ClientCnxn$SendThread.run(ClientCnxn.java:1081)
2019-02-22 13:53:46 WARN  ClientCnxn:1102 - Session 0x0 for server null, unexpected error, closing socket connection and attempting reconnect
java.net.ConnectException: Connection refused
	at sun.nio.ch.SocketChannelImpl.checkConnect(Native Method)
	at sun.nio.ch.SocketChannelImpl.finishConnect(SocketChannelImpl.java:717)
	at org.apache.zookeeper.ClientCnxnSocketNIO.doTransport(ClientCnxnSocketNIO.java:361)
	at org.apache.zookeeper.ClientCnxn$SendThread.run(ClientCnxn.java:1081)
2019-02-22 13:53:47 WARN  ClientCnxn:1102 - Session 0x0 for server null, unexpected error, closing socket connection and attempting reconnect
java.net.ConnectException: Connection refused
	at sun.nio.ch.SocketChannelImpl.checkConnect(Native Method)
	at sun.nio.ch.SocketChannelImpl.finishConnect(SocketChannelImpl.java:717)
	at org.apache.zookeeper.ClientCnxnSocketNIO.doTransport(ClientCnxnSocketNIO.java:361)
	at org.apache.zookeeper.ClientCnxn$SendThread.run(ClientCnxn.java:1081)
2019-02-22 13:53:48 WARN  ClientCnxn:1102 - Session 0x0 for server null, unexpected error, closing socket connection and attempting reconnect
java.net.ConnectException: Connection refused
	at sun.nio.ch.SocketChannelImpl.checkConnect(Native Method)
	at sun.nio.ch.SocketChannelImpl.finishConnect(SocketChannelImpl.java:717)
	at org.apache.zookeeper.ClientCnxnSocketNIO.doTransport(ClientCnxnSocketNIO.java:361)
	at org.apache.zookeeper.ClientCnxn$SendThread.run(ClientCnxn.java:1081)
2019-02-22 13:53:49 WARN  ClientCnxn:1102 - Session 0x0 for server null, unexpected error, closing socket connection and attempting reconnect
java.net.ConnectException: Connection refused
	at sun.nio.ch.SocketChannelImpl.checkConnect(Native Method)
	at sun.nio.ch.SocketChannelImpl.finishConnect(SocketChannelImpl.java:717)
	at org.apache.zookeeper.ClientCnxnSocketNIO.doTransport(ClientCnxnSocketNIO.java:361)
	at org.apache.zookeeper.ClientCnxn$SendThread.run(ClientCnxn.java:1081)
2019-02-22 13:53:50 WARN  ClientCnxn:1102 - Session 0x0 for server null, unexpected error, closing socket connection and attempting reconnect
java.net.ConnectException: Connection refused
	at sun.nio.ch.SocketChannelImpl.checkConnect(Native Method)
	at sun.nio.ch.SocketChannelImpl.finishConnect(SocketChannelImpl.java:717)
	at org.apache.zookeeper.ClientCnxnSocketNIO.doTransport(ClientCnxnSocketNIO.java:361)
	at org.apache.zookeeper.ClientCnxn$SendThread.run(ClientCnxn.java:1081)
2019-02-22 13:53:51 WARN  ClientCnxn:1102 - Session 0x0 for server null, unexpected error, closing socket connection and attempting reconnect
java.net.ConnectException: Connection refused
	at sun.nio.ch.SocketChannelImpl.checkConnect(Native Method)
	at sun.nio.ch.SocketChannelImpl.finishConnect(SocketChannelImpl.java:717)
	at org.apache.zookeeper.ClientCnxnSocketNIO.doTransport(ClientCnxnSocketNIO.java:361)
	at org.apache.zookeeper.ClientCnxn$SendThread.run(ClientCnxn.java:1081)
2019-02-22 13:53:52 WARN  ClientCnxn:1102 - Session 0x0 for server null, unexpected error, closing socket connection and attempting reconnect
java.net.ConnectException: Connection refused
	at sun.nio.ch.SocketChannelImpl.checkConnect(Native Method)
	at sun.nio.ch.SocketChannelImpl.finishConnect(SocketChannelImpl.java:717)
	at org.apache.zookeeper.ClientCnxnSocketNIO.doTransport(ClientCnxnSocketNIO.java:361)
	at org.apache.zookeeper.ClientCnxn$SendThread.run(ClientCnxn.java:1081)
2019-02-22 13:53:54 WARN  ClientCnxn:1102 - Session 0x0 for server null, unexpected error, closing socket connection and attempting reconnect
java.net.ConnectException: Connection refused
	at sun.nio.ch.SocketChannelImpl.checkConnect(Native Method)
	at sun.nio.ch.SocketChannelImpl.finishConnect(SocketChannelImpl.java:717)
	at org.apache.zookeeper.ClientCnxnSocketNIO.doTransport(ClientCnxnSocketNIO.java:361)
	at org.apache.zookeeper.ClientCnxn$SendThread.run(ClientCnxn.java:1081)
2019-02-22 13:53:54 ERROR ReceiverTracker:70 - Deregistered receiver for stream 0: Error starting receiver 0 - org.I0Itec.zkclient.exception.ZkTimeoutException: Unable to connect to zookeeper server within timeout: 10000
	at org.I0Itec.zkclient.ZkClient.connect(ZkClient.java:880)
	at org.I0Itec.zkclient.ZkClient.<init>(ZkClient.java:98)
	at org.I0Itec.zkclient.ZkClient.<init>(ZkClient.java:84)
	at kafka.consumer.ZookeeperConsumerConnector.connectZk(ZookeeperConsumerConnector.scala:171)
	at kafka.consumer.ZookeeperConsumerConnector.<init>(ZookeeperConsumerConnector.scala:126)
	at kafka.consumer.ZookeeperConsumerConnector.<init>(ZookeeperConsumerConnector.scala:143)
	at kafka.consumer.Consumer$.create(ConsumerConnector.scala:94)
	at org.apache.spark.streaming.kafka.KafkaReceiver.onStart(KafkaInputDStream.scala:100)
	at org.apache.spark.streaming.receiver.ReceiverSupervisor.startReceiver(ReceiverSupervisor.scala:149)
	at org.apache.spark.streaming.receiver.ReceiverSupervisor.start(ReceiverSupervisor.scala:131)
	at org.apache.spark.streaming.scheduler.ReceiverTracker$ReceiverTrackerEndpoint$$anonfun$9.apply(ReceiverTracker.scala:601)
	at org.apache.spark.streaming.scheduler.ReceiverTracker$ReceiverTrackerEndpoint$$anonfun$9.apply(ReceiverTracker.scala:591)
	at org.apache.spark.SparkContext$$anonfun$37.apply(SparkContext.scala:2212)
	at org.apache.spark.SparkContext$$anonfun$37.apply(SparkContext.scala:2212)
	at org.apache.spark.scheduler.ResultTask.runTask(ResultTask.scala:90)
	at org.apache.spark.scheduler.Task.run(Task.scala:121)
	at org.apache.spark.executor.Executor$TaskRunner$$anonfun$10.apply(Executor.scala:402)
	at org.apache.spark.util.Utils$.tryWithSafeFinally(Utils.scala:1360)
	at org.apache.spark.executor.Executor$TaskRunner.run(Executor.scala:408)
	at java.util.concurrent.ThreadPoolExecutor.runWorker(ThreadPoolExecutor.java:1149)
	at java.util.concurrent.ThreadPoolExecutor$Worker.run(ThreadPoolExecutor.java:624)
	at java.lang.Thread.run(Thread.java:748)

2019-02-22 13:53:54 ERROR ReceiverSupervisorImpl:70 - Stopped receiver with error: org.I0Itec.zkclient.exception.ZkTimeoutException: Unable to connect to zookeeper server within timeout: 10000
2019-02-22 13:53:54 ERROR Executor:91 - Exception in task 0.0 in stage 1.0 (TID 1)
org.I0Itec.zkclient.exception.ZkTimeoutException: Unable to connect to zookeeper server within timeout: 10000
	at org.I0Itec.zkclient.ZkClient.connect(ZkClient.java:880)
	at org.I0Itec.zkclient.ZkClient.<init>(ZkClient.java:98)
	at org.I0Itec.zkclient.ZkClient.<init>(ZkClient.java:84)
	at kafka.consumer.ZookeeperConsumerConnector.connectZk(ZookeeperConsumerConnector.scala:171)
	at kafka.consumer.ZookeeperConsumerConnector.<init>(ZookeeperConsumerConnector.scala:126)
	at kafka.consumer.ZookeeperConsumerConnector.<init>(ZookeeperConsumerConnector.scala:143)
	at kafka.consumer.Consumer$.create(ConsumerConnector.scala:94)
	at org.apache.spark.streaming.kafka.KafkaReceiver.onStart(KafkaInputDStream.scala:100)
	at org.apache.spark.streaming.receiver.ReceiverSupervisor.startReceiver(ReceiverSupervisor.scala:149)
	at org.apache.spark.streaming.receiver.ReceiverSupervisor.start(ReceiverSupervisor.scala:131)
	at org.apache.spark.streaming.scheduler.ReceiverTracker$ReceiverTrackerEndpoint$$anonfun$9.apply(ReceiverTracker.scala:601)
	at org.apache.spark.streaming.scheduler.ReceiverTracker$ReceiverTrackerEndpoint$$anonfun$9.apply(ReceiverTracker.scala:591)
	at org.apache.spark.SparkContext$$anonfun$37.apply(SparkContext.scala:2212)
	at org.apache.spark.SparkContext$$anonfun$37.apply(SparkContext.scala:2212)
	at org.apache.spark.scheduler.ResultTask.runTask(ResultTask.scala:90)
	at org.apache.spark.scheduler.Task.run(Task.scala:121)
	at org.apache.spark.executor.Executor$TaskRunner$$anonfun$10.apply(Executor.scala:402)
	at org.apache.spark.util.Utils$.tryWithSafeFinally(Utils.scala:1360)
	at org.apache.spark.executor.Executor$TaskRunner.run(Executor.scala:408)
	at java.util.concurrent.ThreadPoolExecutor.runWorker(ThreadPoolExecutor.java:1149)
	at java.util.concurrent.ThreadPoolExecutor$Worker.run(ThreadPoolExecutor.java:624)
	at java.lang.Thread.run(Thread.java:748)
2019-02-22 13:53:54 WARN  TaskSetManager:66 - Lost task 0.0 in stage 1.0 (TID 1, localhost, executor driver): org.I0Itec.zkclient.exception.ZkTimeoutException: Unable to connect to zookeeper server within timeout: 10000
	at org.I0Itec.zkclient.ZkClient.connect(ZkClient.java:880)
	at org.I0Itec.zkclient.ZkClient.<init>(ZkClient.java:98)
	at org.I0Itec.zkclient.ZkClient.<init>(ZkClient.java:84)
	at kafka.consumer.ZookeeperConsumerConnector.connectZk(ZookeeperConsumerConnector.scala:171)
	at kafka.consumer.ZookeeperConsumerConnector.<init>(ZookeeperConsumerConnector.scala:126)
	at kafka.consumer.ZookeeperConsumerConnector.<init>(ZookeeperConsumerConnector.scala:143)
	at kafka.consumer.Consumer$.create(ConsumerConnector.scala:94)
	at org.apache.spark.streaming.kafka.KafkaReceiver.onStart(KafkaInputDStream.scala:100)
	at org.apache.spark.streaming.receiver.ReceiverSupervisor.startReceiver(ReceiverSupervisor.scala:149)
	at org.apache.spark.streaming.receiver.ReceiverSupervisor.start(ReceiverSupervisor.scala:131)
	at org.apache.spark.streaming.scheduler.ReceiverTracker$ReceiverTrackerEndpoint$$anonfun$9.apply(ReceiverTracker.scala:601)
	at org.apache.spark.streaming.scheduler.ReceiverTracker$ReceiverTrackerEndpoint$$anonfun$9.apply(ReceiverTracker.scala:591)
	at org.apache.spark.SparkContext$$anonfun$37.apply(SparkContext.scala:2212)
	at org.apache.spark.SparkContext$$anonfun$37.apply(SparkContext.scala:2212)
	at org.apache.spark.scheduler.ResultTask.runTask(ResultTask.scala:90)
	at org.apache.spark.scheduler.Task.run(Task.scala:121)
	at org.apache.spark.executor.Executor$TaskRunner$$anonfun$10.apply(Executor.scala:402)
	at org.apache.spark.util.Utils$.tryWithSafeFinally(Utils.scala:1360)
	at org.apache.spark.executor.Executor$TaskRunner.run(Executor.scala:408)
	at java.util.concurrent.ThreadPoolExecutor.runWorker(ThreadPoolExecutor.java:1149)
	at java.util.concurrent.ThreadPoolExecutor$Worker.run(ThreadPoolExecutor.java:624)
	at java.lang.Thread.run(Thread.java:748)

2019-02-22 13:53:54 ERROR TaskSetManager:70 - Task 0 in stage 1.0 failed 1 times; aborting job
2019-02-22 13:53:54 ERROR ReceiverTracker:91 - Receiver has been stopped. Try to restart it.
org.apache.spark.SparkException: Job aborted due to stage failure: Task 0 in stage 1.0 failed 1 times, most recent failure: Lost task 0.0 in stage 1.0 (TID 1, localhost, executor driver): org.I0Itec.zkclient.exception.ZkTimeoutException: Unable to connect to zookeeper server within timeout: 10000
	at org.I0Itec.zkclient.ZkClient.connect(ZkClient.java:880)
	at org.I0Itec.zkclient.ZkClient.<init>(ZkClient.java:98)
	at org.I0Itec.zkclient.ZkClient.<init>(ZkClient.java:84)
	at kafka.consumer.ZookeeperConsumerConnector.connectZk(ZookeeperConsumerConnector.scala:171)
	at kafka.consumer.ZookeeperConsumerConnector.<init>(ZookeeperConsumerConnector.scala:126)
	at kafka.consumer.ZookeeperConsumerConnector.<init>(ZookeeperConsumerConnector.scala:143)
	at kafka.consumer.Consumer$.create(ConsumerConnector.scala:94)
	at org.apache.spark.streaming.kafka.KafkaReceiver.onStart(KafkaInputDStream.scala:100)
	at org.apache.spark.streaming.receiver.ReceiverSupervisor.startReceiver(ReceiverSupervisor.scala:149)
	at org.apache.spark.streaming.receiver.ReceiverSupervisor.start(ReceiverSupervisor.scala:131)
	at org.apache.spark.streaming.scheduler.ReceiverTracker$ReceiverTrackerEndpoint$$anonfun$9.apply(ReceiverTracker.scala:601)
	at org.apache.spark.streaming.scheduler.ReceiverTracker$ReceiverTrackerEndpoint$$anonfun$9.apply(ReceiverTracker.scala:591)
	at org.apache.spark.SparkContext$$anonfun$37.apply(SparkContext.scala:2212)
	at org.apache.spark.SparkContext$$anonfun$37.apply(SparkContext.scala:2212)
	at org.apache.spark.scheduler.ResultTask.runTask(ResultTask.scala:90)
	at org.apache.spark.scheduler.Task.run(Task.scala:121)
	at org.apache.spark.executor.Executor$TaskRunner$$anonfun$10.apply(Executor.scala:402)
	at org.apache.spark.util.Utils$.tryWithSafeFinally(Utils.scala:1360)
	at org.apache.spark.executor.Executor$TaskRunner.run(Executor.scala:408)
	at java.util.concurrent.ThreadPoolExecutor.runWorker(ThreadPoolExecutor.java:1149)
	at java.util.concurrent.ThreadPoolExecutor$Worker.run(ThreadPoolExecutor.java:624)
	at java.lang.Thread.run(Thread.java:748)

Driver stacktrace:
	at org.apache.spark.scheduler.DAGScheduler.org$apache$spark$scheduler$DAGScheduler$$failJobAndIndependentStages(DAGScheduler.scala:1887)
	at org.apache.spark.scheduler.DAGScheduler$$anonfun$abortStage$1.apply(DAGScheduler.scala:1875)
	at org.apache.spark.scheduler.DAGScheduler$$anonfun$abortStage$1.apply(DAGScheduler.scala:1874)
	at scala.collection.mutable.ResizableArray$class.foreach(ResizableArray.scala:59)
	at scala.collection.mutable.ArrayBuffer.foreach(ArrayBuffer.scala:48)
	at org.apache.spark.scheduler.DAGScheduler.abortStage(DAGScheduler.scala:1874)
	at org.apache.spark.scheduler.DAGScheduler$$anonfun$handleTaskSetFailed$1.apply(DAGScheduler.scala:926)
	at org.apache.spark.scheduler.DAGScheduler$$anonfun$handleTaskSetFailed$1.apply(DAGScheduler.scala:926)
	at scala.Option.foreach(Option.scala:257)
	at org.apache.spark.scheduler.DAGScheduler.handleTaskSetFailed(DAGScheduler.scala:926)
	at org.apache.spark.scheduler.DAGSchedulerEventProcessLoop.doOnReceive(DAGScheduler.scala:2108)
	at org.apache.spark.scheduler.DAGSchedulerEventProcessLoop.onReceive(DAGScheduler.scala:2057)
	at org.apache.spark.scheduler.DAGSchedulerEventProcessLoop.onReceive(DAGScheduler.scala:2046)
	at org.apache.spark.util.EventLoop$$anon$1.run(EventLoop.scala:49)
Caused by: org.I0Itec.zkclient.exception.ZkTimeoutException: Unable to connect to zookeeper server within timeout: 10000
	at org.I0Itec.zkclient.ZkClient.connect(ZkClient.java:880)
	at org.I0Itec.zkclient.ZkClient.<init>(ZkClient.java:98)
	at org.I0Itec.zkclient.ZkClient.<init>(ZkClient.java:84)
	at kafka.consumer.ZookeeperConsumerConnector.connectZk(ZookeeperConsumerConnector.scala:171)
	at kafka.consumer.ZookeeperConsumerConnector.<init>(ZookeeperConsumerConnector.scala:126)
	at kafka.consumer.ZookeeperConsumerConnector.<init>(ZookeeperConsumerConnector.scala:143)
	at kafka.consumer.Consumer$.create(ConsumerConnector.scala:94)
	at org.apache.spark.streaming.kafka.KafkaReceiver.onStart(KafkaInputDStream.scala:100)
	at org.apache.spark.streaming.receiver.ReceiverSupervisor.startReceiver(ReceiverSupervisor.scala:149)
	at org.apache.spark.streaming.receiver.ReceiverSupervisor.start(ReceiverSupervisor.scala:131)
	at org.apache.spark.streaming.scheduler.ReceiverTracker$ReceiverTrackerEndpoint$$anonfun$9.apply(ReceiverTracker.scala:601)
	at org.apache.spark.streaming.scheduler.ReceiverTracker$ReceiverTrackerEndpoint$$anonfun$9.apply(ReceiverTracker.scala:591)
	at org.apache.spark.SparkContext$$anonfun$37.apply(SparkContext.scala:2212)
	at org.apache.spark.SparkContext$$anonfun$37.apply(SparkContext.scala:2212)
	at org.apache.spark.scheduler.ResultTask.runTask(ResultTask.scala:90)
	at org.apache.spark.scheduler.Task.run(Task.scala:121)
	at org.apache.spark.executor.Executor$TaskRunner$$anonfun$10.apply(Executor.scala:402)
	at org.apache.spark.util.Utils$.tryWithSafeFinally(Utils.scala:1360)
	at org.apache.spark.executor.Executor$TaskRunner.run(Executor.scala:408)
	at java.util.concurrent.ThreadPoolExecutor.runWorker(ThreadPoolExecutor.java:1149)
	at java.util.concurrent.ThreadPoolExecutor$Worker.run(ThreadPoolExecutor.java:624)
	at java.lang.Thread.run(Thread.java:748)
2019-02-22 13:53:54 WARN  ClientCnxn:1102 - Session 0x0 for server null, unexpected error, closing socket connection and attempting reconnect
java.net.ConnectException: Connection refused
	at sun.nio.ch.SocketChannelImpl.checkConnect(Native Method)
	at sun.nio.ch.SocketChannelImpl.finishConnect(SocketChannelImpl.java:717)
	at org.apache.zookeeper.ClientCnxnSocketNIO.doTransport(ClientCnxnSocketNIO.java:361)
	at org.apache.zookeeper.ClientCnxn$SendThread.run(ClientCnxn.java:1081)
2019-02-22 13:53:55 WARN  ClientCnxn:1102 - Session 0x0 for server null, unexpected error, closing socket connection and attempting reconnect
java.net.ConnectException: Connection refused
	at sun.nio.ch.SocketChannelImpl.checkConnect(Native Method)
	at sun.nio.ch.SocketChannelImpl.finishConnect(SocketChannelImpl.java:717)
	at org.apache.zookeeper.ClientCnxnSocketNIO.doTransport(ClientCnxnSocketNIO.java:361)
	at org.apache.zookeeper.ClientCnxn$SendThread.run(ClientCnxn.java:1081)
2019-02-22 13:53:56 WARN  ClientCnxn:1102 - Session 0x0 for server null, unexpected error, closing socket connection and attempting reconnect
java.net.ConnectException: Connection refused
	at sun.nio.ch.SocketChannelImpl.checkConnect(Native Method)
	at sun.nio.ch.SocketChannelImpl.finishConnect(SocketChannelImpl.java:717)
	at org.apache.zookeeper.ClientCnxnSocketNIO.doTransport(ClientCnxnSocketNIO.java:361)
	at org.apache.zookeeper.ClientCnxn$SendThread.run(ClientCnxn.java:1081)
2019-02-22 13:53:58 WARN  ClientCnxn:1102 - Session 0x0 for server null, unexpected error, closing socket connection and attempting reconnect
java.net.ConnectException: Connection refused
	at sun.nio.ch.SocketChannelImpl.checkConnect(Native Method)
	at sun.nio.ch.SocketChannelImpl.finishConnect(SocketChannelImpl.java:717)
	at org.apache.zookeeper.ClientCnxnSocketNIO.doTransport(ClientCnxnSocketNIO.java:361)
	at org.apache.zookeeper.ClientCnxn$SendThread.run(ClientCnxn.java:1081)
2019-02-22 13:53:59 WARN  ClientCnxn:1102 - Session 0x0 for server null, unexpected error, closing socket connection and attempting reconnect
java.net.ConnectException: Connection refused
	at sun.nio.ch.SocketChannelImpl.checkConnect(Native Method)
	at sun.nio.ch.SocketChannelImpl.finishConnect(SocketChannelImpl.java:717)
	at org.apache.zookeeper.ClientCnxnSocketNIO.doTransport(ClientCnxnSocketNIO.java:361)
	at org.apache.zookeeper.ClientCnxn$SendThread.run(ClientCnxn.java:1081)
2019-02-22 13:54:00 WARN  ClientCnxn:1102 - Session 0x0 for server null, unexpected error, closing socket connection and attempting reconnect
java.net.ConnectException: Connection refused
	at sun.nio.ch.SocketChannelImpl.checkConnect(Native Method)
	at sun.nio.ch.SocketChannelImpl.finishConnect(SocketChannelImpl.java:717)
	at org.apache.zookeeper.ClientCnxnSocketNIO.doTransport(ClientCnxnSocketNIO.java:361)
	at org.apache.zookeeper.ClientCnxn$SendThread.run(ClientCnxn.java:1081)
2019-02-22 13:54:01 WARN  ClientCnxn:1102 - Session 0x0 for server null, unexpected error, closing socket connection and attempting reconnect
java.net.ConnectException: Connection refused
	at sun.nio.ch.SocketChannelImpl.checkConnect(Native Method)
	at sun.nio.ch.SocketChannelImpl.finishConnect(SocketChannelImpl.java:717)
	at org.apache.zookeeper.ClientCnxnSocketNIO.doTransport(ClientCnxnSocketNIO.java:361)
	at org.apache.zookeeper.ClientCnxn$SendThread.run(ClientCnxn.java:1081)
2019-02-22 13:54:02 WARN  ClientCnxn:1102 - Session 0x0 for server null, unexpected error, closing socket connection and attempting reconnect
java.net.ConnectException: Connection refused
	at sun.nio.ch.SocketChannelImpl.checkConnect(Native Method)
	at sun.nio.ch.SocketChannelImpl.finishConnect(SocketChannelImpl.java:717)
	at org.apache.zookeeper.ClientCnxnSocketNIO.doTransport(ClientCnxnSocketNIO.java:361)
	at org.apache.zookeeper.ClientCnxn$SendThread.run(ClientCnxn.java:1081)
2019-02-22 13:54:03 WARN  ClientCnxn:1102 - Session 0x0 for server null, unexpected error, closing socket connection and attempting reconnect
java.net.ConnectException: Connection refused
	at sun.nio.ch.SocketChannelImpl.checkConnect(Native Method)
	at sun.nio.ch.SocketChannelImpl.finishConnect(SocketChannelImpl.java:717)
	at org.apache.zookeeper.ClientCnxnSocketNIO.doTransport(ClientCnxnSocketNIO.java:361)
	at org.apache.zookeeper.ClientCnxn$SendThread.run(ClientCnxn.java:1081)
2019-02-22 13:54:04 WARN  ClientCnxn:1102 - Session 0x0 for server null, unexpected error, closing socket connection and attempting reconnect
java.net.ConnectException: Connection refused
	at sun.nio.ch.SocketChannelImpl.checkConnect(Native Method)
	at sun.nio.ch.SocketChannelImpl.finishConnect(SocketChannelImpl.java:717)
	at org.apache.zookeeper.ClientCnxnSocketNIO.doTransport(ClientCnxnSocketNIO.java:361)
	at org.apache.zookeeper.ClientCnxn$SendThread.run(ClientCnxn.java:1081)
2019-02-22 13:54:04 ERROR ReceiverTracker:70 - Deregistered receiver for stream 0: Error starting receiver 0 - org.I0Itec.zkclient.exception.ZkTimeoutException: Unable to connect to zookeeper server within timeout: 10000
	at org.I0Itec.zkclient.ZkClient.connect(ZkClient.java:880)
	at org.I0Itec.zkclient.ZkClient.<init>(ZkClient.java:98)
	at org.I0Itec.zkclient.ZkClient.<init>(ZkClient.java:84)
	at kafka.consumer.ZookeeperConsumerConnector.connectZk(ZookeeperConsumerConnector.scala:171)
	at kafka.consumer.ZookeeperConsumerConnector.<init>(ZookeeperConsumerConnector.scala:126)
	at kafka.consumer.ZookeeperConsumerConnector.<init>(ZookeeperConsumerConnector.scala:143)
	at kafka.consumer.Consumer$.create(ConsumerConnector.scala:94)
	at org.apache.spark.streaming.kafka.KafkaReceiver.onStart(KafkaInputDStream.scala:100)
	at org.apache.spark.streaming.receiver.ReceiverSupervisor.startReceiver(ReceiverSupervisor.scala:149)
	at org.apache.spark.streaming.receiver.ReceiverSupervisor.start(ReceiverSupervisor.scala:131)
	at org.apache.spark.streaming.scheduler.ReceiverTracker$ReceiverTrackerEndpoint$$anonfun$9.apply(ReceiverTracker.scala:601)
	at org.apache.spark.streaming.scheduler.ReceiverTracker$ReceiverTrackerEndpoint$$anonfun$9.apply(ReceiverTracker.scala:591)
	at org.apache.spark.SparkContext$$anonfun$37.apply(SparkContext.scala:2212)
	at org.apache.spark.SparkContext$$anonfun$37.apply(SparkContext.scala:2212)
	at org.apache.spark.scheduler.ResultTask.runTask(ResultTask.scala:90)
	at org.apache.spark.scheduler.Task.run(Task.scala:121)
	at org.apache.spark.executor.Executor$TaskRunner$$anonfun$10.apply(Executor.scala:402)
	at org.apache.spark.util.Utils$.tryWithSafeFinally(Utils.scala:1360)
	at org.apache.spark.executor.Executor$TaskRunner.run(Executor.scala:408)
	at java.util.concurrent.ThreadPoolExecutor.runWorker(ThreadPoolExecutor.java:1149)
	at java.util.concurrent.ThreadPoolExecutor$Worker.run(ThreadPoolExecutor.java:624)
	at java.lang.Thread.run(Thread.java:748)

2019-02-22 13:54:05 ERROR ReceiverSupervisorImpl:70 - Stopped receiver with error: org.I0Itec.zkclient.exception.ZkTimeoutException: Unable to connect to zookeeper server within timeout: 10000
2019-02-22 13:54:05 ERROR Executor:91 - Exception in task 0.0 in stage 2.0 (TID 2)
org.I0Itec.zkclient.exception.ZkTimeoutException: Unable to connect to zookeeper server within timeout: 10000
	at org.I0Itec.zkclient.ZkClient.connect(ZkClient.java:880)
	at org.I0Itec.zkclient.ZkClient.<init>(ZkClient.java:98)
	at org.I0Itec.zkclient.ZkClient.<init>(ZkClient.java:84)
	at kafka.consumer.ZookeeperConsumerConnector.connectZk(ZookeeperConsumerConnector.scala:171)
	at kafka.consumer.ZookeeperConsumerConnector.<init>(ZookeeperConsumerConnector.scala:126)
	at kafka.consumer.ZookeeperConsumerConnector.<init>(ZookeeperConsumerConnector.scala:143)
	at kafka.consumer.Consumer$.create(ConsumerConnector.scala:94)
	at org.apache.spark.streaming.kafka.KafkaReceiver.onStart(KafkaInputDStream.scala:100)
	at org.apache.spark.streaming.receiver.ReceiverSupervisor.startReceiver(ReceiverSupervisor.scala:149)
	at org.apache.spark.streaming.receiver.ReceiverSupervisor.start(ReceiverSupervisor.scala:131)
	at org.apache.spark.streaming.scheduler.ReceiverTracker$ReceiverTrackerEndpoint$$anonfun$9.apply(ReceiverTracker.scala:601)
	at org.apache.spark.streaming.scheduler.ReceiverTracker$ReceiverTrackerEndpoint$$anonfun$9.apply(ReceiverTracker.scala:591)
	at org.apache.spark.SparkContext$$anonfun$37.apply(SparkContext.scala:2212)
	at org.apache.spark.SparkContext$$anonfun$37.apply(SparkContext.scala:2212)
	at org.apache.spark.scheduler.ResultTask.runTask(ResultTask.scala:90)
	at org.apache.spark.scheduler.Task.run(Task.scala:121)
	at org.apache.spark.executor.Executor$TaskRunner$$anonfun$10.apply(Executor.scala:402)
	at org.apache.spark.util.Utils$.tryWithSafeFinally(Utils.scala:1360)
	at org.apache.spark.executor.Executor$TaskRunner.run(Executor.scala:408)
	at java.util.concurrent.ThreadPoolExecutor.runWorker(ThreadPoolExecutor.java:1149)
	at java.util.concurrent.ThreadPoolExecutor$Worker.run(ThreadPoolExecutor.java:624)
	at java.lang.Thread.run(Thread.java:748)
2019-02-22 13:54:05 WARN  TaskSetManager:66 - Lost task 0.0 in stage 2.0 (TID 2, localhost, executor driver): org.I0Itec.zkclient.exception.ZkTimeoutException: Unable to connect to zookeeper server within timeout: 10000
	at org.I0Itec.zkclient.ZkClient.connect(ZkClient.java:880)
	at org.I0Itec.zkclient.ZkClient.<init>(ZkClient.java:98)
	at org.I0Itec.zkclient.ZkClient.<init>(ZkClient.java:84)
	at kafka.consumer.ZookeeperConsumerConnector.connectZk(ZookeeperConsumerConnector.scala:171)
	at kafka.consumer.ZookeeperConsumerConnector.<init>(ZookeeperConsumerConnector.scala:126)
	at kafka.consumer.ZookeeperConsumerConnector.<init>(ZookeeperConsumerConnector.scala:143)
	at kafka.consumer.Consumer$.create(ConsumerConnector.scala:94)
	at org.apache.spark.streaming.kafka.KafkaReceiver.onStart(KafkaInputDStream.scala:100)
	at org.apache.spark.streaming.receiver.ReceiverSupervisor.startReceiver(ReceiverSupervisor.scala:149)
	at org.apache.spark.streaming.receiver.ReceiverSupervisor.start(ReceiverSupervisor.scala:131)
	at org.apache.spark.streaming.scheduler.ReceiverTracker$ReceiverTrackerEndpoint$$anonfun$9.apply(ReceiverTracker.scala:601)
	at org.apache.spark.streaming.scheduler.ReceiverTracker$ReceiverTrackerEndpoint$$anonfun$9.apply(ReceiverTracker.scala:591)
	at org.apache.spark.SparkContext$$anonfun$37.apply(SparkContext.scala:2212)
	at org.apache.spark.SparkContext$$anonfun$37.apply(SparkContext.scala:2212)
	at org.apache.spark.scheduler.ResultTask.runTask(ResultTask.scala:90)
	at org.apache.spark.scheduler.Task.run(Task.scala:121)
	at org.apache.spark.executor.Executor$TaskRunner$$anonfun$10.apply(Executor.scala:402)
	at org.apache.spark.util.Utils$.tryWithSafeFinally(Utils.scala:1360)
	at org.apache.spark.executor.Executor$TaskRunner.run(Executor.scala:408)
	at java.util.concurrent.ThreadPoolExecutor.runWorker(ThreadPoolExecutor.java:1149)
	at java.util.concurrent.ThreadPoolExecutor$Worker.run(ThreadPoolExecutor.java:624)
	at java.lang.Thread.run(Thread.java:748)

2019-02-22 13:54:05 ERROR TaskSetManager:70 - Task 0 in stage 2.0 failed 1 times; aborting job
2019-02-22 13:54:05 ERROR ReceiverTracker:91 - Receiver has been stopped. Try to restart it.
org.apache.spark.SparkException: Job aborted due to stage failure: Task 0 in stage 2.0 failed 1 times, most recent failure: Lost task 0.0 in stage 2.0 (TID 2, localhost, executor driver): org.I0Itec.zkclient.exception.ZkTimeoutException: Unable to connect to zookeeper server within timeout: 10000
	at org.I0Itec.zkclient.ZkClient.connect(ZkClient.java:880)
	at org.I0Itec.zkclient.ZkClient.<init>(ZkClient.java:98)
	at org.I0Itec.zkclient.ZkClient.<init>(ZkClient.java:84)
	at kafka.consumer.ZookeeperConsumerConnector.connectZk(ZookeeperConsumerConnector.scala:171)
	at kafka.consumer.ZookeeperConsumerConnector.<init>(ZookeeperConsumerConnector.scala:126)
	at kafka.consumer.ZookeeperConsumerConnector.<init>(ZookeeperConsumerConnector.scala:143)
	at kafka.consumer.Consumer$.create(ConsumerConnector.scala:94)
	at org.apache.spark.streaming.kafka.KafkaReceiver.onStart(KafkaInputDStream.scala:100)
	at org.apache.spark.streaming.receiver.ReceiverSupervisor.startReceiver(ReceiverSupervisor.scala:149)
	at org.apache.spark.streaming.receiver.ReceiverSupervisor.start(ReceiverSupervisor.scala:131)
	at org.apache.spark.streaming.scheduler.ReceiverTracker$ReceiverTrackerEndpoint$$anonfun$9.apply(ReceiverTracker.scala:601)
	at org.apache.spark.streaming.scheduler.ReceiverTracker$ReceiverTrackerEndpoint$$anonfun$9.apply(ReceiverTracker.scala:591)
	at org.apache.spark.SparkContext$$anonfun$37.apply(SparkContext.scala:2212)
	at org.apache.spark.SparkContext$$anonfun$37.apply(SparkContext.scala:2212)
	at org.apache.spark.scheduler.ResultTask.runTask(ResultTask.scala:90)
	at org.apache.spark.scheduler.Task.run(Task.scala:121)
	at org.apache.spark.executor.Executor$TaskRunner$$anonfun$10.apply(Executor.scala:402)
	at org.apache.spark.util.Utils$.tryWithSafeFinally(Utils.scala:1360)
	at org.apache.spark.executor.Executor$TaskRunner.run(Executor.scala:408)
	at java.util.concurrent.ThreadPoolExecutor.runWorker(ThreadPoolExecutor.java:1149)
	at java.util.concurrent.ThreadPoolExecutor$Worker.run(ThreadPoolExecutor.java:624)
	at java.lang.Thread.run(Thread.java:748)

Driver stacktrace:
	at org.apache.spark.scheduler.DAGScheduler.org$apache$spark$scheduler$DAGScheduler$$failJobAndIndependentStages(DAGScheduler.scala:1887)
	at org.apache.spark.scheduler.DAGScheduler$$anonfun$abortStage$1.apply(DAGScheduler.scala:1875)
	at org.apache.spark.scheduler.DAGScheduler$$anonfun$abortStage$1.apply(DAGScheduler.scala:1874)
	at scala.collection.mutable.ResizableArray$class.foreach(ResizableArray.scala:59)
	at scala.collection.mutable.ArrayBuffer.foreach(ArrayBuffer.scala:48)
	at org.apache.spark.scheduler.DAGScheduler.abortStage(DAGScheduler.scala:1874)
	at org.apache.spark.scheduler.DAGScheduler$$anonfun$handleTaskSetFailed$1.apply(DAGScheduler.scala:926)
	at org.apache.spark.scheduler.DAGScheduler$$anonfun$handleTaskSetFailed$1.apply(DAGScheduler.scala:926)
	at scala.Option.foreach(Option.scala:257)
	at org.apache.spark.scheduler.DAGScheduler.handleTaskSetFailed(DAGScheduler.scala:926)
	at org.apache.spark.scheduler.DAGSchedulerEventProcessLoop.doOnReceive(DAGScheduler.scala:2108)
	at org.apache.spark.scheduler.DAGSchedulerEventProcessLoop.onReceive(DAGScheduler.scala:2057)
	at org.apache.spark.scheduler.DAGSchedulerEventProcessLoop.onReceive(DAGScheduler.scala:2046)
	at org.apache.spark.util.EventLoop$$anon$1.run(EventLoop.scala:49)
Caused by: org.I0Itec.zkclient.exception.ZkTimeoutException: Unable to connect to zookeeper server within timeout: 10000
	at org.I0Itec.zkclient.ZkClient.connect(ZkClient.java:880)
	at org.I0Itec.zkclient.ZkClient.<init>(ZkClient.java:98)
	at org.I0Itec.zkclient.ZkClient.<init>(ZkClient.java:84)
	at kafka.consumer.ZookeeperConsumerConnector.connectZk(ZookeeperConsumerConnector.scala:171)
	at kafka.consumer.ZookeeperConsumerConnector.<init>(ZookeeperConsumerConnector.scala:126)
	at kafka.consumer.ZookeeperConsumerConnector.<init>(ZookeeperConsumerConnector.scala:143)
	at kafka.consumer.Consumer$.create(ConsumerConnector.scala:94)
	at org.apache.spark.streaming.kafka.KafkaReceiver.onStart(KafkaInputDStream.scala:100)
	at org.apache.spark.streaming.receiver.ReceiverSupervisor.startReceiver(ReceiverSupervisor.scala:149)
	at org.apache.spark.streaming.receiver.ReceiverSupervisor.start(ReceiverSupervisor.scala:131)
	at org.apache.spark.streaming.scheduler.ReceiverTracker$ReceiverTrackerEndpoint$$anonfun$9.apply(ReceiverTracker.scala:601)
	at org.apache.spark.streaming.scheduler.ReceiverTracker$ReceiverTrackerEndpoint$$anonfun$9.apply(ReceiverTracker.scala:591)
	at org.apache.spark.SparkContext$$anonfun$37.apply(SparkContext.scala:2212)
	at org.apache.spark.SparkContext$$anonfun$37.apply(SparkContext.scala:2212)
	at org.apache.spark.scheduler.ResultTask.runTask(ResultTask.scala:90)
	at org.apache.spark.scheduler.Task.run(Task.scala:121)
	at org.apache.spark.executor.Executor$TaskRunner$$anonfun$10.apply(Executor.scala:402)
	at org.apache.spark.util.Utils$.tryWithSafeFinally(Utils.scala:1360)
	at org.apache.spark.executor.Executor$TaskRunner.run(Executor.scala:408)
	at java.util.concurrent.ThreadPoolExecutor.runWorker(ThreadPoolExecutor.java:1149)
	at java.util.concurrent.ThreadPoolExecutor$Worker.run(ThreadPoolExecutor.java:624)
	at java.lang.Thread.run(Thread.java:748)
2019-02-22 13:54:05 WARN  ClientCnxn:1102 - Session 0x0 for server null, unexpected error, closing socket connection and attempting reconnect
java.net.ConnectException: Connection refused
	at sun.nio.ch.SocketChannelImpl.checkConnect(Native Method)
	at sun.nio.ch.SocketChannelImpl.finishConnect(SocketChannelImpl.java:717)
	at org.apache.zookeeper.ClientCnxnSocketNIO.doTransport(ClientCnxnSocketNIO.java:361)
	at org.apache.zookeeper.ClientCnxn$SendThread.run(ClientCnxn.java:1081)
2019-02-22 13:54:06 WARN  ClientCnxn:1102 - Session 0x0 for server null, unexpected error, closing socket connection and attempting reconnect
java.net.ConnectException: Connection refused
	at sun.nio.ch.SocketChannelImpl.checkConnect(Native Method)
	at sun.nio.ch.SocketChannelImpl.finishConnect(SocketChannelImpl.java:717)
	at org.apache.zookeeper.ClientCnxnSocketNIO.doTransport(ClientCnxnSocketNIO.java:361)
	at org.apache.zookeeper.ClientCnxn$SendThread.run(ClientCnxn.java:1081)
2019-02-22 13:54:07 WARN  ClientCnxn:1102 - Session 0x0 for server null, unexpected error, closing socket connection and attempting reconnect
java.net.ConnectException: Connection refused
	at sun.nio.ch.SocketChannelImpl.checkConnect(Native Method)
	at sun.nio.ch.SocketChannelImpl.finishConnect(SocketChannelImpl.java:717)
	at org.apache.zookeeper.ClientCnxnSocketNIO.doTransport(ClientCnxnSocketNIO.java:361)
	at org.apache.zookeeper.ClientCnxn$SendThread.run(ClientCnxn.java:1081)
2019-02-22 13:54:08 WARN  ClientCnxn:1102 - Session 0x0 for server null, unexpected error, closing socket connection and attempting reconnect
java.net.ConnectException: Connection refused
	at sun.nio.ch.SocketChannelImpl.checkConnect(Native Method)
	at sun.nio.ch.SocketChannelImpl.finishConnect(SocketChannelImpl.java:717)
	at org.apache.zookeeper.ClientCnxnSocketNIO.doTransport(ClientCnxnSocketNIO.java:361)
	at org.apache.zookeeper.ClientCnxn$SendThread.run(ClientCnxn.java:1081)
2019-02-22 13:54:09 WARN  ClientCnxn:1102 - Session 0x0 for server null, unexpected error, closing socket connection and attempting reconnect
java.net.ConnectException: Connection refused
	at sun.nio.ch.SocketChannelImpl.checkConnect(Native Method)
	at sun.nio.ch.SocketChannelImpl.finishConnect(SocketChannelImpl.java:717)
	at org.apache.zookeeper.ClientCnxnSocketNIO.doTransport(ClientCnxnSocketNIO.java:361)
	at org.apache.zookeeper.ClientCnxn$SendThread.run(ClientCnxn.java:1081)
2019-02-22 13:54:10 WARN  ClientCnxn:1102 - Session 0x0 for server null, unexpected error, closing socket connection and attempting reconnect
java.net.ConnectException: Connection refused
	at sun.nio.ch.SocketChannelImpl.checkConnect(Native Method)
	at sun.nio.ch.SocketChannelImpl.finishConnect(SocketChannelImpl.java:717)
	at org.apache.zookeeper.ClientCnxnSocketNIO.doTransport(ClientCnxnSocketNIO.java:361)
	at org.apache.zookeeper.ClientCnxn$SendThread.run(ClientCnxn.java:1081)
2019-02-22 13:54:11 WARN  ClientCnxn:1102 - Session 0x0 for server null, unexpected error, closing socket connection and attempting reconnect
java.net.ConnectException: Connection refused
	at sun.nio.ch.SocketChannelImpl.checkConnect(Native Method)
	at sun.nio.ch.SocketChannelImpl.finishConnect(SocketChannelImpl.java:717)
	at org.apache.zookeeper.ClientCnxnSocketNIO.doTransport(ClientCnxnSocketNIO.java:361)
	at org.apache.zookeeper.ClientCnxn$SendThread.run(ClientCnxn.java:1081)
2019-02-22 13:54:12 WARN  ClientCnxn:1102 - Session 0x0 for server null, unexpected error, closing socket connection and attempting reconnect
java.net.ConnectException: Connection refused
	at sun.nio.ch.SocketChannelImpl.checkConnect(Native Method)
	at sun.nio.ch.SocketChannelImpl.finishConnect(SocketChannelImpl.java:717)
	at org.apache.zookeeper.ClientCnxnSocketNIO.doTransport(ClientCnxnSocketNIO.java:361)
	at org.apache.zookeeper.ClientCnxn$SendThread.run(ClientCnxn.java:1081)
2019-02-22 13:54:13 WARN  ClientCnxn:1102 - Session 0x0 for server null, unexpected error, closing socket connection and attempting reconnect
java.net.ConnectException: Connection refused
	at sun.nio.ch.SocketChannelImpl.checkConnect(Native Method)
	at sun.nio.ch.SocketChannelImpl.finishConnect(SocketChannelImpl.java:717)
	at org.apache.zookeeper.ClientCnxnSocketNIO.doTransport(ClientCnxnSocketNIO.java:361)
	at org.apache.zookeeper.ClientCnxn$SendThread.run(ClientCnxn.java:1081)
2019-02-22 13:54:15 WARN  ClientCnxn:1102 - Session 0x0 for server null, unexpected error, closing socket connection and attempting reconnect
java.net.ConnectException: Connection refused
	at sun.nio.ch.SocketChannelImpl.checkConnect(Native Method)
	at sun.nio.ch.SocketChannelImpl.finishConnect(SocketChannelImpl.java:717)
	at org.apache.zookeeper.ClientCnxnSocketNIO.doTransport(ClientCnxnSocketNIO.java:361)
	at org.apache.zookeeper.ClientCnxn$SendThread.run(ClientCnxn.java:1081)
2019-02-22 13:54:15 ERROR ReceiverTracker:70 - Deregistered receiver for stream 0: Error starting receiver 0 - org.I0Itec.zkclient.exception.ZkTimeoutException: Unable to connect to zookeeper server within timeout: 10000
	at org.I0Itec.zkclient.ZkClient.connect(ZkClient.java:880)
	at org.I0Itec.zkclient.ZkClient.<init>(ZkClient.java:98)
	at org.I0Itec.zkclient.ZkClient.<init>(ZkClient.java:84)
	at kafka.consumer.ZookeeperConsumerConnector.connectZk(ZookeeperConsumerConnector.scala:171)
	at kafka.consumer.ZookeeperConsumerConnector.<init>(ZookeeperConsumerConnector.scala:126)
	at kafka.consumer.ZookeeperConsumerConnector.<init>(ZookeeperConsumerConnector.scala:143)
	at kafka.consumer.Consumer$.create(ConsumerConnector.scala:94)
	at org.apache.spark.streaming.kafka.KafkaReceiver.onStart(KafkaInputDStream.scala:100)
	at org.apache.spark.streaming.receiver.ReceiverSupervisor.startReceiver(ReceiverSupervisor.scala:149)
	at org.apache.spark.streaming.receiver.ReceiverSupervisor.start(ReceiverSupervisor.scala:131)
	at org.apache.spark.streaming.scheduler.ReceiverTracker$ReceiverTrackerEndpoint$$anonfun$9.apply(ReceiverTracker.scala:601)
	at org.apache.spark.streaming.scheduler.ReceiverTracker$ReceiverTrackerEndpoint$$anonfun$9.apply(ReceiverTracker.scala:591)
	at org.apache.spark.SparkContext$$anonfun$37.apply(SparkContext.scala:2212)
	at org.apache.spark.SparkContext$$anonfun$37.apply(SparkContext.scala:2212)
	at org.apache.spark.scheduler.ResultTask.runTask(ResultTask.scala:90)
	at org.apache.spark.scheduler.Task.run(Task.scala:121)
	at org.apache.spark.executor.Executor$TaskRunner$$anonfun$10.apply(Executor.scala:402)
	at org.apache.spark.util.Utils$.tryWithSafeFinally(Utils.scala:1360)
	at org.apache.spark.executor.Executor$TaskRunner.run(Executor.scala:408)
	at java.util.concurrent.ThreadPoolExecutor.runWorker(ThreadPoolExecutor.java:1149)
	at java.util.concurrent.ThreadPoolExecutor$Worker.run(ThreadPoolExecutor.java:624)
	at java.lang.Thread.run(Thread.java:748)

2019-02-22 13:54:15 ERROR ReceiverSupervisorImpl:70 - Stopped receiver with error: org.I0Itec.zkclient.exception.ZkTimeoutException: Unable to connect to zookeeper server within timeout: 10000
2019-02-22 13:54:15 ERROR Executor:91 - Exception in task 0.0 in stage 3.0 (TID 3)
org.I0Itec.zkclient.exception.ZkTimeoutException: Unable to connect to zookeeper server within timeout: 10000
	at org.I0Itec.zkclient.ZkClient.connect(ZkClient.java:880)
	at org.I0Itec.zkclient.ZkClient.<init>(ZkClient.java:98)
	at org.I0Itec.zkclient.ZkClient.<init>(ZkClient.java:84)
	at kafka.consumer.ZookeeperConsumerConnector.connectZk(ZookeeperConsumerConnector.scala:171)
	at kafka.consumer.ZookeeperConsumerConnector.<init>(ZookeeperConsumerConnector.scala:126)
	at kafka.consumer.ZookeeperConsumerConnector.<init>(ZookeeperConsumerConnector.scala:143)
	at kafka.consumer.Consumer$.create(ConsumerConnector.scala:94)
	at org.apache.spark.streaming.kafka.KafkaReceiver.onStart(KafkaInputDStream.scala:100)
	at org.apache.spark.streaming.receiver.ReceiverSupervisor.startReceiver(ReceiverSupervisor.scala:149)
	at org.apache.spark.streaming.receiver.ReceiverSupervisor.start(ReceiverSupervisor.scala:131)
	at org.apache.spark.streaming.scheduler.ReceiverTracker$ReceiverTrackerEndpoint$$anonfun$9.apply(ReceiverTracker.scala:601)
	at org.apache.spark.streaming.scheduler.ReceiverTracker$ReceiverTrackerEndpoint$$anonfun$9.apply(ReceiverTracker.scala:591)
	at org.apache.spark.SparkContext$$anonfun$37.apply(SparkContext.scala:2212)
	at org.apache.spark.SparkContext$$anonfun$37.apply(SparkContext.scala:2212)
	at org.apache.spark.scheduler.ResultTask.runTask(ResultTask.scala:90)
	at org.apache.spark.scheduler.Task.run(Task.scala:121)
	at org.apache.spark.executor.Executor$TaskRunner$$anonfun$10.apply(Executor.scala:402)
	at org.apache.spark.util.Utils$.tryWithSafeFinally(Utils.scala:1360)
	at org.apache.spark.executor.Executor$TaskRunner.run(Executor.scala:408)
	at java.util.concurrent.ThreadPoolExecutor.runWorker(ThreadPoolExecutor.java:1149)
	at java.util.concurrent.ThreadPoolExecutor$Worker.run(ThreadPoolExecutor.java:624)
	at java.lang.Thread.run(Thread.java:748)
2019-02-22 13:54:15 WARN  TaskSetManager:66 - Lost task 0.0 in stage 3.0 (TID 3, localhost, executor driver): org.I0Itec.zkclient.exception.ZkTimeoutException: Unable to connect to zookeeper server within timeout: 10000
	at org.I0Itec.zkclient.ZkClient.connect(ZkClient.java:880)
	at org.I0Itec.zkclient.ZkClient.<init>(ZkClient.java:98)
	at org.I0Itec.zkclient.ZkClient.<init>(ZkClient.java:84)
	at kafka.consumer.ZookeeperConsumerConnector.connectZk(ZookeeperConsumerConnector.scala:171)
	at kafka.consumer.ZookeeperConsumerConnector.<init>(ZookeeperConsumerConnector.scala:126)
	at kafka.consumer.ZookeeperConsumerConnector.<init>(ZookeeperConsumerConnector.scala:143)
	at kafka.consumer.Consumer$.create(ConsumerConnector.scala:94)
	at org.apache.spark.streaming.kafka.KafkaReceiver.onStart(KafkaInputDStream.scala:100)
	at org.apache.spark.streaming.receiver.ReceiverSupervisor.startReceiver(ReceiverSupervisor.scala:149)
	at org.apache.spark.streaming.receiver.ReceiverSupervisor.start(ReceiverSupervisor.scala:131)
	at org.apache.spark.streaming.scheduler.ReceiverTracker$ReceiverTrackerEndpoint$$anonfun$9.apply(ReceiverTracker.scala:601)
	at org.apache.spark.streaming.scheduler.ReceiverTracker$ReceiverTrackerEndpoint$$anonfun$9.apply(ReceiverTracker.scala:591)
	at org.apache.spark.SparkContext$$anonfun$37.apply(SparkContext.scala:2212)
	at org.apache.spark.SparkContext$$anonfun$37.apply(SparkContext.scala:2212)
	at org.apache.spark.scheduler.ResultTask.runTask(ResultTask.scala:90)
	at org.apache.spark.scheduler.Task.run(Task.scala:121)
	at org.apache.spark.executor.Executor$TaskRunner$$anonfun$10.apply(Executor.scala:402)
	at org.apache.spark.util.Utils$.tryWithSafeFinally(Utils.scala:1360)
	at org.apache.spark.executor.Executor$TaskRunner.run(Executor.scala:408)
	at java.util.concurrent.ThreadPoolExecutor.runWorker(ThreadPoolExecutor.java:1149)
	at java.util.concurrent.ThreadPoolExecutor$Worker.run(ThreadPoolExecutor.java:624)
	at java.lang.Thread.run(Thread.java:748)

2019-02-22 13:54:15 ERROR TaskSetManager:70 - Task 0 in stage 3.0 failed 1 times; aborting job
2019-02-22 13:54:15 ERROR ReceiverTracker:91 - Receiver has been stopped. Try to restart it.
org.apache.spark.SparkException: Job aborted due to stage failure: Task 0 in stage 3.0 failed 1 times, most recent failure: Lost task 0.0 in stage 3.0 (TID 3, localhost, executor driver): org.I0Itec.zkclient.exception.ZkTimeoutException: Unable to connect to zookeeper server within timeout: 10000
	at org.I0Itec.zkclient.ZkClient.connect(ZkClient.java:880)
	at org.I0Itec.zkclient.ZkClient.<init>(ZkClient.java:98)
	at org.I0Itec.zkclient.ZkClient.<init>(ZkClient.java:84)
	at kafka.consumer.ZookeeperConsumerConnector.connectZk(ZookeeperConsumerConnector.scala:171)
	at kafka.consumer.ZookeeperConsumerConnector.<init>(ZookeeperConsumerConnector.scala:126)
	at kafka.consumer.ZookeeperConsumerConnector.<init>(ZookeeperConsumerConnector.scala:143)
	at kafka.consumer.Consumer$.create(ConsumerConnector.scala:94)
	at org.apache.spark.streaming.kafka.KafkaReceiver.onStart(KafkaInputDStream.scala:100)
	at org.apache.spark.streaming.receiver.ReceiverSupervisor.startReceiver(ReceiverSupervisor.scala:149)
	at org.apache.spark.streaming.receiver.ReceiverSupervisor.start(ReceiverSupervisor.scala:131)
	at org.apache.spark.streaming.scheduler.ReceiverTracker$ReceiverTrackerEndpoint$$anonfun$9.apply(ReceiverTracker.scala:601)
	at org.apache.spark.streaming.scheduler.ReceiverTracker$ReceiverTrackerEndpoint$$anonfun$9.apply(ReceiverTracker.scala:591)
	at org.apache.spark.SparkContext$$anonfun$37.apply(SparkContext.scala:2212)
	at org.apache.spark.SparkContext$$anonfun$37.apply(SparkContext.scala:2212)
	at org.apache.spark.scheduler.ResultTask.runTask(ResultTask.scala:90)
	at org.apache.spark.scheduler.Task.run(Task.scala:121)
	at org.apache.spark.executor.Executor$TaskRunner$$anonfun$10.apply(Executor.scala:402)
	at org.apache.spark.util.Utils$.tryWithSafeFinally(Utils.scala:1360)
	at org.apache.spark.executor.Executor$TaskRunner.run(Executor.scala:408)
	at java.util.concurrent.ThreadPoolExecutor.runWorker(ThreadPoolExecutor.java:1149)
	at java.util.concurrent.ThreadPoolExecutor$Worker.run(ThreadPoolExecutor.java:624)
	at java.lang.Thread.run(Thread.java:748)

Driver stacktrace:
	at org.apache.spark.scheduler.DAGScheduler.org$apache$spark$scheduler$DAGScheduler$$failJobAndIndependentStages(DAGScheduler.scala:1887)
	at org.apache.spark.scheduler.DAGScheduler$$anonfun$abortStage$1.apply(DAGScheduler.scala:1875)
	at org.apache.spark.scheduler.DAGScheduler$$anonfun$abortStage$1.apply(DAGScheduler.scala:1874)
	at scala.collection.mutable.ResizableArray$class.foreach(ResizableArray.scala:59)
	at scala.collection.mutable.ArrayBuffer.foreach(ArrayBuffer.scala:48)
	at org.apache.spark.scheduler.DAGScheduler.abortStage(DAGScheduler.scala:1874)
	at org.apache.spark.scheduler.DAGScheduler$$anonfun$handleTaskSetFailed$1.apply(DAGScheduler.scala:926)
	at org.apache.spark.scheduler.DAGScheduler$$anonfun$handleTaskSetFailed$1.apply(DAGScheduler.scala:926)
	at scala.Option.foreach(Option.scala:257)
	at org.apache.spark.scheduler.DAGScheduler.handleTaskSetFailed(DAGScheduler.scala:926)
	at org.apache.spark.scheduler.DAGSchedulerEventProcessLoop.doOnReceive(DAGScheduler.scala:2108)
	at org.apache.spark.scheduler.DAGSchedulerEventProcessLoop.onReceive(DAGScheduler.scala:2057)
	at org.apache.spark.scheduler.DAGSchedulerEventProcessLoop.onReceive(DAGScheduler.scala:2046)
	at org.apache.spark.util.EventLoop$$anon$1.run(EventLoop.scala:49)
Caused by: org.I0Itec.zkclient.exception.ZkTimeoutException: Unable to connect to zookeeper server within timeout: 10000
	at org.I0Itec.zkclient.ZkClient.connect(ZkClient.java:880)
	at org.I0Itec.zkclient.ZkClient.<init>(ZkClient.java:98)
	at org.I0Itec.zkclient.ZkClient.<init>(ZkClient.java:84)
	at kafka.consumer.ZookeeperConsumerConnector.connectZk(ZookeeperConsumerConnector.scala:171)
	at kafka.consumer.ZookeeperConsumerConnector.<init>(ZookeeperConsumerConnector.scala:126)
	at kafka.consumer.ZookeeperConsumerConnector.<init>(ZookeeperConsumerConnector.scala:143)
	at kafka.consumer.Consumer$.create(ConsumerConnector.scala:94)
	at org.apache.spark.streaming.kafka.KafkaReceiver.onStart(KafkaInputDStream.scala:100)
	at org.apache.spark.streaming.receiver.ReceiverSupervisor.startReceiver(ReceiverSupervisor.scala:149)
	at org.apache.spark.streaming.receiver.ReceiverSupervisor.start(ReceiverSupervisor.scala:131)
	at org.apache.spark.streaming.scheduler.ReceiverTracker$ReceiverTrackerEndpoint$$anonfun$9.apply(ReceiverTracker.scala:601)
	at org.apache.spark.streaming.scheduler.ReceiverTracker$ReceiverTrackerEndpoint$$anonfun$9.apply(ReceiverTracker.scala:591)
	at org.apache.spark.SparkContext$$anonfun$37.apply(SparkContext.scala:2212)
	at org.apache.spark.SparkContext$$anonfun$37.apply(SparkContext.scala:2212)
	at org.apache.spark.scheduler.ResultTask.runTask(ResultTask.scala:90)
	at org.apache.spark.scheduler.Task.run(Task.scala:121)
	at org.apache.spark.executor.Executor$TaskRunner$$anonfun$10.apply(Executor.scala:402)
	at org.apache.spark.util.Utils$.tryWithSafeFinally(Utils.scala:1360)
	at org.apache.spark.executor.Executor$TaskRunner.run(Executor.scala:408)
	at java.util.concurrent.ThreadPoolExecutor.runWorker(ThreadPoolExecutor.java:1149)
	at java.util.concurrent.ThreadPoolExecutor$Worker.run(ThreadPoolExecutor.java:624)
	at java.lang.Thread.run(Thread.java:748)
2019-02-22 13:54:15 WARN  ClientCnxn:1102 - Session 0x0 for server null, unexpected error, closing socket connection and attempting reconnect
java.net.ConnectException: Connection refused
	at sun.nio.ch.SocketChannelImpl.checkConnect(Native Method)
	at sun.nio.ch.SocketChannelImpl.finishConnect(SocketChannelImpl.java:717)
	at org.apache.zookeeper.ClientCnxnSocketNIO.doTransport(ClientCnxnSocketNIO.java:361)
	at org.apache.zookeeper.ClientCnxn$SendThread.run(ClientCnxn.java:1081)
2019-02-22 13:54:16 WARN  ClientCnxn:1102 - Session 0x0 for server null, unexpected error, closing socket connection and attempting reconnect
java.net.ConnectException: Connection refused
	at sun.nio.ch.SocketChannelImpl.checkConnect(Native Method)
	at sun.nio.ch.SocketChannelImpl.finishConnect(SocketChannelImpl.java:717)
	at org.apache.zookeeper.ClientCnxnSocketNIO.doTransport(ClientCnxnSocketNIO.java:361)
	at org.apache.zookeeper.ClientCnxn$SendThread.run(ClientCnxn.java:1081)
2019-02-22 13:54:17 WARN  ClientCnxn:1102 - Session 0x0 for server null, unexpected error, closing socket connection and attempting reconnect
java.net.ConnectException: Connection refused
	at sun.nio.ch.SocketChannelImpl.checkConnect(Native Method)
	at sun.nio.ch.SocketChannelImpl.finishConnect(SocketChannelImpl.java:717)
	at org.apache.zookeeper.ClientCnxnSocketNIO.doTransport(ClientCnxnSocketNIO.java:361)
	at org.apache.zookeeper.ClientCnxn$SendThread.run(ClientCnxn.java:1081)
2019-02-22 13:54:18 WARN  ClientCnxn:1102 - Session 0x0 for server null, unexpected error, closing socket connection and attempting reconnect
java.net.ConnectException: Connection refused
	at sun.nio.ch.SocketChannelImpl.checkConnect(Native Method)
	at sun.nio.ch.SocketChannelImpl.finishConnect(SocketChannelImpl.java:717)
	at org.apache.zookeeper.ClientCnxnSocketNIO.doTransport(ClientCnxnSocketNIO.java:361)
	at org.apache.zookeeper.ClientCnxn$SendThread.run(ClientCnxn.java:1081)
2019-02-22 13:54:19 WARN  ClientCnxn:1102 - Session 0x0 for server null, unexpected error, closing socket connection and attempting reconnect
java.net.ConnectException: Connection refused
	at sun.nio.ch.SocketChannelImpl.checkConnect(Native Method)
	at sun.nio.ch.SocketChannelImpl.finishConnect(SocketChannelImpl.java:717)
	at org.apache.zookeeper.ClientCnxnSocketNIO.doTransport(ClientCnxnSocketNIO.java:361)
	at org.apache.zookeeper.ClientCnxn$SendThread.run(ClientCnxn.java:1081)
=========================test================================
-------------------------------------------
Time: 2019-02-22 13:53:33
-------------------------------------------

-------------------------------------------
Time: 2019-02-22 13:53:34
-------------------------------------------

-------------------------------------------
Time: 2019-02-22 13:53:35
-------------------------------------------

-------------------------------------------
Time: 2019-02-22 13:53:36
-------------------------------------------

-------------------------------------------
Time: 2019-02-22 13:53:37
-------------------------------------------

-------------------------------------------
Time: 2019-02-22 13:53:38
-------------------------------------------

-------------------------------------------
Time: 2019-02-22 13:53:39
-------------------------------------------

-------------------------------------------
Time: 2019-02-22 13:53:40
-------------------------------------------

-------------------------------------------
Time: 2019-02-22 13:53:41
-------------------------------------------

-------------------------------------------
Time: 2019-02-22 13:53:42
-------------------------------------------

-------------------------------------------
Time: 2019-02-22 13:53:43
-------------------------------------------

-------------------------------------------
Time: 2019-02-22 13:53:44
-------------------------------------------

-------------------------------------------
Time: 2019-02-22 13:53:45
-------------------------------------------

-------------------------------------------
Time: 2019-02-22 13:53:46
-------------------------------------------

-------------------------------------------
Time: 2019-02-22 13:53:47
-------------------------------------------

-------------------------------------------
Time: 2019-02-22 13:53:48
-------------------------------------------

-------------------------------------------
Time: 2019-02-22 13:53:49
-------------------------------------------

-------------------------------------------
Time: 2019-02-22 13:53:50
-------------------------------------------

-------------------------------------------
Time: 2019-02-22 13:53:51
-------------------------------------------

-------------------------------------------
Time: 2019-02-22 13:53:52
-------------------------------------------

-------------------------------------------
Time: 2019-02-22 13:53:53
-------------------------------------------

-------------------------------------------
Time: 2019-02-22 13:53:54
-------------------------------------------

-------------------------------------------
Time: 2019-02-22 13:53:55
-------------------------------------------

-------------------------------------------
Time: 2019-02-22 13:53:56
-------------------------------------------

-------------------------------------------
Time: 2019-02-22 13:53:57
-------------------------------------------

-------------------------------------------
Time: 2019-02-22 13:53:58
-------------------------------------------

-------------------------------------------
Time: 2019-02-22 13:53:59
-------------------------------------------

-------------------------------------------
Time: 2019-02-22 13:54:00
-------------------------------------------

-------------------------------------------
Time: 2019-02-22 13:54:01
-------------------------------------------

-------------------------------------------
Time: 2019-02-22 13:54:02
-------------------------------------------

-------------------------------------------
Time: 2019-02-22 13:54:03
-------------------------------------------

-------------------------------------------
Time: 2019-02-22 13:54:04
-------------------------------------------

-------------------------------------------
Time: 2019-02-22 13:54:05
-------------------------------------------

-------------------------------------------
Time: 2019-02-22 13:54:06
-------------------------------------------

-------------------------------------------
Time: 2019-02-22 13:54:07
-------------------------------------------

-------------------------------------------
Time: 2019-02-22 13:54:08
-------------------------------------------

-------------------------------------------
Time: 2019-02-22 13:54:09
-------------------------------------------

-------------------------------------------
Time: 2019-02-22 13:54:10
-------------------------------------------

-------------------------------------------
Time: 2019-02-22 13:54:11
-------------------------------------------

-------------------------------------------
Time: 2019-02-22 13:54:12
-------------------------------------------

-------------------------------------------
Time: 2019-02-22 13:54:13
-------------------------------------------

-------------------------------------------
Time: 2019-02-22 13:54:14
-------------------------------------------

-------------------------------------------
Time: 2019-02-22 13:54:15
-------------------------------------------

-------------------------------------------
Time: 2019-02-22 13:54:16
-------------------------------------------

-------------------------------------------
Time: 2019-02-22 13:54:17
-------------------------------------------

-------------------------------------------
Time: 2019-02-22 13:54:18
-------------------------------------------

-------------------------------------------
Time: 2019-02-22 13:54:19
-------------------------------------------

-------------------------------------------
Time: 2019-02-22 13:54:20
-------------------------------------------

2019-02-22 13:54:20 ERROR ReceiverTracker:91 - Receiver has been stopped. Try to restart it.
org.apache.spark.SparkException: Job 4 cancelled as part of cancellation of all jobs
	at org.apache.spark.scheduler.DAGScheduler.org$apache$spark$scheduler$DAGScheduler$$failJobAndIndependentStages(DAGScheduler.scala:1887)
	at org.apache.spark.scheduler.DAGScheduler.handleJobCancellation(DAGScheduler.scala:1822)
	at org.apache.spark.scheduler.DAGScheduler$$anonfun$doCancelAllJobs$1.apply$mcVI$sp(DAGScheduler.scala:830)
	at org.apache.spark.scheduler.DAGScheduler$$anonfun$doCancelAllJobs$1.apply(DAGScheduler.scala:830)
	at org.apache.spark.scheduler.DAGScheduler$$anonfun$doCancelAllJobs$1.apply(DAGScheduler.scala:830)
	at scala.collection.mutable.HashSet.foreach(HashSet.scala:78)
	at org.apache.spark.scheduler.DAGScheduler.doCancelAllJobs(DAGScheduler.scala:830)
	at org.apache.spark.scheduler.DAGSchedulerEventProcessLoop.doOnReceive(DAGScheduler.scala:2080)
	at org.apache.spark.scheduler.DAGSchedulerEventProcessLoop.onReceive(DAGScheduler.scala:2057)
	at org.apache.spark.scheduler.DAGSchedulerEventProcessLoop.onReceive(DAGScheduler.scala:2046)
	at org.apache.spark.util.EventLoop$$anon$1.run(EventLoop.scala:49)
2019-02-22 13:54:20 WARN  ClientCnxn:1102 - Session 0x0 for server null, unexpected error, closing socket connection and attempting reconnect
java.net.ConnectException: Connection refused
	at sun.nio.ch.SocketChannelImpl.checkConnect(Native Method)
	at sun.nio.ch.SocketChannelImpl.finishConnect(SocketChannelImpl.java:717)
	at org.apache.zookeeper.ClientCnxnSocketNIO.doTransport(ClientCnxnSocketNIO.java:361)
	at org.apache.zookeeper.ClientCnxn$SendThread.run(ClientCnxn.java:1081)
2019-02-22 13:54:21 ERROR JobScheduler:91 - Error generating jobs for time 1550872461000 ms
py4j.Py4JException: Error while sending a command.
	at py4j.CallbackClient.sendCommand(CallbackClient.java:397)
	at py4j.CallbackClient.sendCommand(CallbackClient.java:356)
	at py4j.reflection.PythonProxyHandler.invoke(PythonProxyHandler.java:106)
	at com.sun.proxy.$Proxy17.call(Unknown Source)
	at org.apache.spark.streaming.api.python.TransformFunction.callPythonTransformFunction(PythonDStream.scala:92)
	at org.apache.spark.streaming.api.python.TransformFunction.apply(PythonDStream.scala:78)
	at org.apache.spark.streaming.api.python.PythonTransformedDStream.compute(PythonDStream.scala:246)
	at org.apache.spark.streaming.dstream.DStream$$anonfun$getOrCompute$1$$anonfun$1$$anonfun$apply$7.apply(DStream.scala:342)
	at org.apache.spark.streaming.dstream.DStream$$anonfun$getOrCompute$1$$anonfun$1$$anonfun$apply$7.apply(DStream.scala:342)
	at scala.util.DynamicVariable.withValue(DynamicVariable.scala:58)
	at org.apache.spark.streaming.dstream.DStream$$anonfun$getOrCompute$1$$anonfun$1.apply(DStream.scala:341)
	at org.apache.spark.streaming.dstream.DStream$$anonfun$getOrCompute$1$$anonfun$1.apply(DStream.scala:341)
	at org.apache.spark.streaming.dstream.DStream.createRDDWithLocalProperties(DStream.scala:416)
	at org.apache.spark.streaming.dstream.DStream$$anonfun$getOrCompute$1.apply(DStream.scala:336)
	at org.apache.spark.streaming.dstream.DStream$$anonfun$getOrCompute$1.apply(DStream.scala:334)
	at scala.Option.orElse(Option.scala:289)
	at org.apache.spark.streaming.dstream.DStream.getOrCompute(DStream.scala:331)
	at org.apache.spark.streaming.dstream.ForEachDStream.generateJob(ForEachDStream.scala:48)
	at org.apache.spark.streaming.DStreamGraph$$anonfun$1.apply(DStreamGraph.scala:122)
	at org.apache.spark.streaming.DStreamGraph$$anonfun$1.apply(DStreamGraph.scala:121)
	at scala.collection.TraversableLike$$anonfun$flatMap$1.apply(TraversableLike.scala:241)
	at scala.collection.TraversableLike$$anonfun$flatMap$1.apply(TraversableLike.scala:241)
	at scala.collection.mutable.ResizableArray$class.foreach(ResizableArray.scala:59)
	at scala.collection.mutable.ArrayBuffer.foreach(ArrayBuffer.scala:48)
	at scala.collection.TraversableLike$class.flatMap(TraversableLike.scala:241)
	at scala.collection.AbstractTraversable.flatMap(Traversable.scala:104)
	at org.apache.spark.streaming.DStreamGraph.generateJobs(DStreamGraph.scala:121)
	at org.apache.spark.streaming.scheduler.JobGenerator$$anonfun$3.apply(JobGenerator.scala:249)
	at org.apache.spark.streaming.scheduler.JobGenerator$$anonfun$3.apply(JobGenerator.scala:247)
	at scala.util.Try$.apply(Try.scala:192)
	at org.apache.spark.streaming.scheduler.JobGenerator.generateJobs(JobGenerator.scala:247)
	at org.apache.spark.streaming.scheduler.JobGenerator.org$apache$spark$streaming$scheduler$JobGenerator$$processEvent(JobGenerator.scala:183)
	at org.apache.spark.streaming.scheduler.JobGenerator$$anon$1.onReceive(JobGenerator.scala:89)
	at org.apache.spark.streaming.scheduler.JobGenerator$$anon$1.onReceive(JobGenerator.scala:88)
	at org.apache.spark.util.EventLoop$$anon$1.run(EventLoop.scala:49)
Caused by: py4j.Py4JNetworkException: Error while sending a command: null response: c
p1
call
L1550872461000
lo852
e

	at py4j.CallbackConnection.sendCommand(CallbackConnection.java:158)
	at py4j.CallbackClient.sendCommand(CallbackClient.java:384)
	... 34 more
2019-02-22 13:54:21 WARN  ReceiverSupervisorImpl:66 - Skip stopping receiver because it has not yet stared
2019-02-22 13:54:22 WARN  ClientCnxn:1102 - Session 0x0 for server null, unexpected error, closing socket connection and attempting reconnect
java.net.ConnectException: Connection refused
	at sun.nio.ch.SocketChannelImpl.checkConnect(Native Method)
	at sun.nio.ch.SocketChannelImpl.finishConnect(SocketChannelImpl.java:717)
	at org.apache.zookeeper.ClientCnxnSocketNIO.doTransport(ClientCnxnSocketNIO.java:361)
	at org.apache.zookeeper.ClientCnxn$SendThread.run(ClientCnxn.java:1081)
2019-02-22 13:54:23 WARN  ClientCnxn:1102 - Session 0x0 for server null, unexpected error, closing socket connection and attempting reconnect
java.net.ConnectException: Connection refused
	at sun.nio.ch.SocketChannelImpl.checkConnect(Native Method)
	at sun.nio.ch.SocketChannelImpl.finishConnect(SocketChannelImpl.java:717)
	at org.apache.zookeeper.ClientCnxnSocketNIO.doTransport(ClientCnxnSocketNIO.java:361)
	at org.apache.zookeeper.ClientCnxn$SendThread.run(ClientCnxn.java:1081)
2019-02-22 13:54:24 WARN  ClientCnxn:1102 - Session 0x0 for server null, unexpected error, closing socket connection and attempting reconnect
java.net.ConnectException: Connection refused
	at sun.nio.ch.SocketChannelImpl.checkConnect(Native Method)
	at sun.nio.ch.SocketChannelImpl.finishConnect(SocketChannelImpl.java:717)
	at org.apache.zookeeper.ClientCnxnSocketNIO.doTransport(ClientCnxnSocketNIO.java:361)
	at org.apache.zookeeper.ClientCnxn$SendThread.run(ClientCnxn.java:1081)
2019-02-22 13:54:25 WARN  ClientCnxn:1102 - Session 0x0 for server null, unexpected error, closing socket connection and attempting reconnect
java.net.ConnectException: Connection refused
	at sun.nio.ch.SocketChannelImpl.checkConnect(Native Method)
	at sun.nio.ch.SocketChannelImpl.finishConnect(SocketChannelImpl.java:717)
	at org.apache.zookeeper.ClientCnxnSocketNIO.doTransport(ClientCnxnSocketNIO.java:361)
	at org.apache.zookeeper.ClientCnxn$SendThread.run(ClientCnxn.java:1081)
2019-02-22 13:54:25 WARN  NettyRpcEnv:66 - Ignored failure: java.util.concurrent.RejectedExecutionException: Task java.util.concurrent.ScheduledThreadPoolExecutor$ScheduledFutureTask@790d5c13 rejected from java.util.concurrent.ScheduledThreadPoolExecutor@3dbcc502[Terminated, pool size = 0, active threads = 0, queued tasks = 0, completed tasks = 0]
2019-02-22 13:54:25 ERROR ReceiverSupervisorImpl:70 - Error stopping receiver 0 org.apache.spark.SparkException: Exception thrown in awaitResult: 
	at org.apache.spark.util.ThreadUtils$.awaitResult(ThreadUtils.scala:226)
	at org.apache.spark.rpc.RpcTimeout.awaitResult(RpcTimeout.scala:75)
	at org.apache.spark.rpc.RpcEndpointRef.askSync(RpcEndpointRef.scala:92)
	at org.apache.spark.rpc.RpcEndpointRef.askSync(RpcEndpointRef.scala:76)
	at org.apache.spark.streaming.receiver.ReceiverSupervisorImpl.onReceiverStop(ReceiverSupervisorImpl.scala:199)
	at org.apache.spark.streaming.receiver.ReceiverSupervisor.stopReceiver(ReceiverSupervisor.scala:172)
	at org.apache.spark.streaming.receiver.ReceiverSupervisor.stop(ReceiverSupervisor.scala:137)
	at org.apache.spark.streaming.receiver.ReceiverSupervisor.startReceiver(ReceiverSupervisor.scala:157)
	at org.apache.spark.streaming.receiver.ReceiverSupervisor.start(ReceiverSupervisor.scala:131)
	at org.apache.spark.streaming.scheduler.ReceiverTracker$ReceiverTrackerEndpoint$$anonfun$9.apply(ReceiverTracker.scala:601)
	at org.apache.spark.streaming.scheduler.ReceiverTracker$ReceiverTrackerEndpoint$$anonfun$9.apply(ReceiverTracker.scala:591)
	at org.apache.spark.SparkContext$$anonfun$37.apply(SparkContext.scala:2212)
	at org.apache.spark.SparkContext$$anonfun$37.apply(SparkContext.scala:2212)
	at org.apache.spark.scheduler.ResultTask.runTask(ResultTask.scala:90)
	at org.apache.spark.scheduler.Task.run(Task.scala:121)
	at org.apache.spark.executor.Executor$TaskRunner$$anonfun$10.apply(Executor.scala:402)
	at org.apache.spark.util.Utils$.tryWithSafeFinally(Utils.scala:1360)
	at org.apache.spark.executor.Executor$TaskRunner.run(Executor.scala:408)
	at java.util.concurrent.ThreadPoolExecutor.runWorker(ThreadPoolExecutor.java:1149)
	at java.util.concurrent.ThreadPoolExecutor$Worker.run(ThreadPoolExecutor.java:624)
	at java.lang.Thread.run(Thread.java:748)
Caused by: org.apache.spark.rpc.RpcEnvStoppedException: RpcEnv already stopped.
	at org.apache.spark.rpc.netty.Dispatcher.postMessage(Dispatcher.scala:158)
	at org.apache.spark.rpc.netty.Dispatcher.postLocalMessage(Dispatcher.scala:135)
	at org.apache.spark.rpc.netty.NettyRpcEnv.ask(NettyRpcEnv.scala:229)
	at org.apache.spark.rpc.netty.NettyRpcEndpointRef.ask(NettyRpcEnv.scala:523)
	at org.apache.spark.rpc.RpcEndpointRef.askSync(RpcEndpointRef.scala:91)
	... 18 more

2019-02-22 13:54:25 ERROR ReceiverSupervisorImpl:70 - Stopped receiver with error: org.I0Itec.zkclient.exception.ZkTimeoutException: Unable to connect to zookeeper server within timeout: 10000
2019-02-22 13:54:25 ERROR TaskContextImpl:91 - Error in TaskCompletionListener
java.lang.IllegalStateException: Block broadcast_4 not found
	at org.apache.spark.storage.BlockInfoManager$$anonfun$2.apply(BlockInfoManager.scala:293)
	at org.apache.spark.storage.BlockInfoManager$$anonfun$2.apply(BlockInfoManager.scala:293)
	at scala.Option.getOrElse(Option.scala:121)
	at org.apache.spark.storage.BlockInfoManager.unlock(BlockInfoManager.scala:292)
	at org.apache.spark.storage.BlockManager.releaseLock(BlockManager.scala:842)
	at org.apache.spark.broadcast.TorrentBroadcast$$anonfun$org$apache$spark$broadcast$TorrentBroadcast$$releaseLock$1.apply(TorrentBroadcast.scala:265)
	at org.apache.spark.broadcast.TorrentBroadcast$$anonfun$org$apache$spark$broadcast$TorrentBroadcast$$releaseLock$1.apply(TorrentBroadcast.scala:265)
	at org.apache.spark.TaskContext$$anon$1.onTaskCompletion(TaskContext.scala:131)
	at org.apache.spark.TaskContextImpl$$anonfun$markTaskCompleted$1.apply(TaskContextImpl.scala:117)
	at org.apache.spark.TaskContextImpl$$anonfun$markTaskCompleted$1.apply(TaskContextImpl.scala:117)
	at org.apache.spark.TaskContextImpl$$anonfun$invokeListeners$1.apply(TaskContextImpl.scala:130)
	at org.apache.spark.TaskContextImpl$$anonfun$invokeListeners$1.apply(TaskContextImpl.scala:128)
	at scala.collection.mutable.ResizableArray$class.foreach(ResizableArray.scala:59)
	at scala.collection.mutable.ArrayBuffer.foreach(ArrayBuffer.scala:48)
	at org.apache.spark.TaskContextImpl.invokeListeners(TaskContextImpl.scala:128)
	at org.apache.spark.TaskContextImpl.markTaskCompleted(TaskContextImpl.scala:116)
	at org.apache.spark.scheduler.Task.run(Task.scala:131)
	at org.apache.spark.executor.Executor$TaskRunner$$anonfun$10.apply(Executor.scala:402)
	at org.apache.spark.util.Utils$.tryWithSafeFinally(Utils.scala:1360)
	at org.apache.spark.executor.Executor$TaskRunner.run(Executor.scala:408)
	at java.util.concurrent.ThreadPoolExecutor.runWorker(ThreadPoolExecutor.java:1149)
	at java.util.concurrent.ThreadPoolExecutor$Worker.run(ThreadPoolExecutor.java:624)
	at java.lang.Thread.run(Thread.java:748)
2019-02-22 13:54:25 WARN  ReceiverSupervisorImpl:66 - Receiver has been stopped
2019-02-22 13:54:25 WARN  BlockGenerator:66 - Cannot stop BlockGenerator as its not in the Active state [state = StoppedAll]
